{"/root/.openclaw/workspace/sillytavern-ai-gm/plugin/engine/combat-tracker.js": {"path":"/root/.openclaw/workspace/sillytavern-ai-gm/plugin/engine/combat-tracker.js","all":false,"statementMap":{"0":{"start":{"line":1,"column":0},"end":{"line":1,"column":3}},"1":{"start":{"line":2,"column":0},"end":{"line":2,"column":17}},"2":{"start":{"line":3,"column":0},"end":{"line":3,"column":57}},"3":{"start":{"line":4,"column":0},"end":{"line":4,"column":2}},"4":{"start":{"line":5,"column":0},"end":{"line":5,"column":12}},"5":{"start":{"line":6,"column":0},"end":{"line":6,"column":44}},"6":{"start":{"line":7,"column":0},"end":{"line":7,"column":37}},"7":{"start":{"line":8,"column":0},"end":{"line":8,"column":28}},"8":{"start":{"line":9,"column":0},"end":{"line":9,"column":38}},"9":{"start":{"line":10,"column":0},"end":{"line":10,"column":15}},"10":{"start":{"line":11,"column":0},"end":{"line":11,"column":2}},"11":{"start":{"line":12,"column":0},"end":{"line":12,"column":17}},"12":{"start":{"line":13,"column":0},"end":{"line":13,"column":3}},"13":{"start":{"line":14,"column":0},"end":{"line":14,"column":46}},"14":{"start":{"line":15,"column":0},"end":{"line":15,"column":0}},"15":{"start":{"line":16,"column":0},"end":{"line":16,"column":28}},"16":{"start":{"line":17,"column":0},"end":{"line":17,"column":5}},"17":{"start":{"line":18,"column":0},"end":{"line":18,"column":46}},"18":{"start":{"line":19,"column":0},"end":{"line":19,"column":73}},"19":{"start":{"line":20,"column":0},"end":{"line":20,"column":5}},"20":{"start":{"line":21,"column":0},"end":{"line":21,"column":43}},"21":{"start":{"line":22,"column":0},"end":{"line":22,"column":29}},"22":{"start":{"line":23,"column":0},"end":{"line":23,"column":47}},"23":{"start":{"line":24,"column":0},"end":{"line":24,"column":66}},"24":{"start":{"line":25,"column":0},"end":{"line":25,"column":31}},"25":{"start":{"line":26,"column":0},"end":{"line":26,"column":3}},"26":{"start":{"line":27,"column":0},"end":{"line":27,"column":0}},"27":{"start":{"line":28,"column":0},"end":{"line":28,"column":5}},"28":{"start":{"line":29,"column":0},"end":{"line":29,"column":35}},"29":{"start":{"line":30,"column":0},"end":{"line":30,"column":60}},"30":{"start":{"line":31,"column":0},"end":{"line":31,"column":35}},"31":{"start":{"line":32,"column":0},"end":{"line":32,"column":57}},"32":{"start":{"line":33,"column":0},"end":{"line":33,"column":5}},"33":{"start":{"line":34,"column":0},"end":{"line":34,"column":23}},"34":{"start":{"line":35,"column":0},"end":{"line":35,"column":58}},"35":{"start":{"line":36,"column":0},"end":{"line":36,"column":60}},"36":{"start":{"line":37,"column":0},"end":{"line":37,"column":5}},"37":{"start":{"line":38,"column":0},"end":{"line":38,"column":0}},"38":{"start":{"line":39,"column":0},"end":{"line":39,"column":26}},"39":{"start":{"line":40,"column":0},"end":{"line":40,"column":0}},"40":{"start":{"line":41,"column":0},"end":{"line":41,"column":17}},"41":{"start":{"line":42,"column":0},"end":{"line":42,"column":65}},"42":{"start":{"line":43,"column":0},"end":{"line":43,"column":21}},"43":{"start":{"line":44,"column":0},"end":{"line":44,"column":28}},"44":{"start":{"line":45,"column":0},"end":{"line":45,"column":38}},"45":{"start":{"line":46,"column":0},"end":{"line":46,"column":23}},"46":{"start":{"line":47,"column":0},"end":{"line":47,"column":21}},"47":{"start":{"line":48,"column":0},"end":{"line":48,"column":40}},"48":{"start":{"line":49,"column":0},"end":{"line":49,"column":7}},"49":{"start":{"line":50,"column":0},"end":{"line":50,"column":0}},"50":{"start":{"line":51,"column":0},"end":{"line":51,"column":18}},"51":{"start":{"line":52,"column":0},"end":{"line":52,"column":34}},"52":{"start":{"line":53,"column":0},"end":{"line":53,"column":64}},"53":{"start":{"line":54,"column":0},"end":{"line":54,"column":57}},"54":{"start":{"line":55,"column":0},"end":{"line":55,"column":36}},"55":{"start":{"line":56,"column":0},"end":{"line":56,"column":63}},"56":{"start":{"line":57,"column":0},"end":{"line":57,"column":25}},"57":{"start":{"line":58,"column":0},"end":{"line":58,"column":29}},"58":{"start":{"line":59,"column":0},"end":{"line":59,"column":44}},"59":{"start":{"line":60,"column":0},"end":{"line":60,"column":24}},"60":{"start":{"line":61,"column":0},"end":{"line":61,"column":24}},"61":{"start":{"line":62,"column":0},"end":{"line":62,"column":35}},"62":{"start":{"line":63,"column":0},"end":{"line":63,"column":57}},"63":{"start":{"line":64,"column":0},"end":{"line":64,"column":11}},"64":{"start":{"line":65,"column":0},"end":{"line":65,"column":7}},"65":{"start":{"line":66,"column":0},"end":{"line":66,"column":7}},"66":{"start":{"line":67,"column":0},"end":{"line":67,"column":0}},"67":{"start":{"line":68,"column":0},"end":{"line":68,"column":41}},"68":{"start":{"line":69,"column":0},"end":{"line":69,"column":47}},"69":{"start":{"line":70,"column":0},"end":{"line":70,"column":0}},"70":{"start":{"line":71,"column":0},"end":{"line":71,"column":18}},"71":{"start":{"line":72,"column":0},"end":{"line":72,"column":19}},"72":{"start":{"line":73,"column":0},"end":{"line":73,"column":15}},"73":{"start":{"line":74,"column":0},"end":{"line":74,"column":29}},"74":{"start":{"line":75,"column":0},"end":{"line":75,"column":28}},"75":{"start":{"line":76,"column":0},"end":{"line":76,"column":44}},"76":{"start":{"line":77,"column":0},"end":{"line":77,"column":54}},"77":{"start":{"line":78,"column":0},"end":{"line":78,"column":19}},"78":{"start":{"line":79,"column":0},"end":{"line":79,"column":28}},"79":{"start":{"line":80,"column":0},"end":{"line":80,"column":28}},"80":{"start":{"line":81,"column":0},"end":{"line":81,"column":6}},"81":{"start":{"line":82,"column":0},"end":{"line":82,"column":0}},"82":{"start":{"line":83,"column":0},"end":{"line":83,"column":44}},"83":{"start":{"line":84,"column":0},"end":{"line":84,"column":27}},"84":{"start":{"line":85,"column":0},"end":{"line":85,"column":3}},"85":{"start":{"line":86,"column":0},"end":{"line":86,"column":0}},"86":{"start":{"line":87,"column":0},"end":{"line":87,"column":5}},"87":{"start":{"line":88,"column":0},"end":{"line":88,"column":34}},"88":{"start":{"line":89,"column":0},"end":{"line":89,"column":40}},"89":{"start":{"line":90,"column":0},"end":{"line":90,"column":41}},"90":{"start":{"line":91,"column":0},"end":{"line":91,"column":38}},"91":{"start":{"line":92,"column":0},"end":{"line":92,"column":5}},"92":{"start":{"line":93,"column":0},"end":{"line":93,"column":25}},"93":{"start":{"line":94,"column":0},"end":{"line":94,"column":59}},"94":{"start":{"line":95,"column":0},"end":{"line":95,"column":54}},"95":{"start":{"line":96,"column":0},"end":{"line":96,"column":32}},"96":{"start":{"line":97,"column":0},"end":{"line":97,"column":53}},"97":{"start":{"line":98,"column":0},"end":{"line":98,"column":48}},"98":{"start":{"line":99,"column":0},"end":{"line":99,"column":48}},"99":{"start":{"line":100,"column":0},"end":{"line":100,"column":3}},"100":{"start":{"line":101,"column":0},"end":{"line":101,"column":0}},"101":{"start":{"line":102,"column":0},"end":{"line":102,"column":5}},"102":{"start":{"line":103,"column":0},"end":{"line":103,"column":36}},"103":{"start":{"line":104,"column":0},"end":{"line":104,"column":44}},"104":{"start":{"line":105,"column":0},"end":{"line":105,"column":75}},"105":{"start":{"line":106,"column":0},"end":{"line":106,"column":46}},"106":{"start":{"line":107,"column":0},"end":{"line":107,"column":51}},"107":{"start":{"line":108,"column":0},"end":{"line":108,"column":54}},"108":{"start":{"line":109,"column":0},"end":{"line":109,"column":5}},"109":{"start":{"line":110,"column":0},"end":{"line":110,"column":53}},"110":{"start":{"line":111,"column":0},"end":{"line":111,"column":44}},"111":{"start":{"line":112,"column":0},"end":{"line":112,"column":33}},"112":{"start":{"line":113,"column":0},"end":{"line":113,"column":5}},"113":{"start":{"line":114,"column":0},"end":{"line":114,"column":0}},"114":{"start":{"line":115,"column":0},"end":{"line":115,"column":78}},"115":{"start":{"line":116,"column":0},"end":{"line":116,"column":43}},"116":{"start":{"line":117,"column":0},"end":{"line":117,"column":22}},"117":{"start":{"line":118,"column":0},"end":{"line":118,"column":103}},"118":{"start":{"line":119,"column":0},"end":{"line":119,"column":8}},"119":{"start":{"line":120,"column":0},"end":{"line":120,"column":5}},"120":{"start":{"line":121,"column":0},"end":{"line":121,"column":0}},"121":{"start":{"line":122,"column":0},"end":{"line":122,"column":44}},"122":{"start":{"line":123,"column":0},"end":{"line":123,"column":0}},"123":{"start":{"line":124,"column":0},"end":{"line":124,"column":36}},"124":{"start":{"line":125,"column":0},"end":{"line":125,"column":24}},"125":{"start":{"line":126,"column":0},"end":{"line":126,"column":42}},"126":{"start":{"line":127,"column":0},"end":{"line":127,"column":5}},"127":{"start":{"line":128,"column":0},"end":{"line":128,"column":0}},"128":{"start":{"line":129,"column":0},"end":{"line":129,"column":21}},"129":{"start":{"line":130,"column":0},"end":{"line":130,"column":20}},"130":{"start":{"line":131,"column":0},"end":{"line":131,"column":59}},"131":{"start":{"line":132,"column":0},"end":{"line":132,"column":14}},"132":{"start":{"line":133,"column":0},"end":{"line":133,"column":18}},"133":{"start":{"line":134,"column":0},"end":{"line":134,"column":79}},"134":{"start":{"line":135,"column":0},"end":{"line":135,"column":14}},"135":{"start":{"line":136,"column":0},"end":{"line":136,"column":18}},"136":{"start":{"line":137,"column":0},"end":{"line":137,"column":41}},"137":{"start":{"line":138,"column":0},"end":{"line":138,"column":14}},"138":{"start":{"line":139,"column":0},"end":{"line":139,"column":18}},"139":{"start":{"line":140,"column":0},"end":{"line":140,"column":79}},"140":{"start":{"line":141,"column":0},"end":{"line":141,"column":14}},"141":{"start":{"line":142,"column":0},"end":{"line":142,"column":19}},"142":{"start":{"line":143,"column":0},"end":{"line":143,"column":61}},"143":{"start":{"line":144,"column":0},"end":{"line":144,"column":14}},"144":{"start":{"line":145,"column":0},"end":{"line":145,"column":14}},"145":{"start":{"line":146,"column":0},"end":{"line":146,"column":78}},"146":{"start":{"line":147,"column":0},"end":{"line":147,"column":5}},"147":{"start":{"line":148,"column":0},"end":{"line":148,"column":0}},"148":{"start":{"line":149,"column":0},"end":{"line":149,"column":36}},"149":{"start":{"line":150,"column":0},"end":{"line":150,"column":44}},"150":{"start":{"line":151,"column":0},"end":{"line":151,"column":0}},"151":{"start":{"line":152,"column":0},"end":{"line":152,"column":19}},"152":{"start":{"line":153,"column":0},"end":{"line":153,"column":23}},"153":{"start":{"line":154,"column":0},"end":{"line":154,"column":0}},"154":{"start":{"line":155,"column":0},"end":{"line":155,"column":46}},"155":{"start":{"line":156,"column":0},"end":{"line":156,"column":51}},"156":{"start":{"line":157,"column":0},"end":{"line":157,"column":0}},"157":{"start":{"line":158,"column":0},"end":{"line":158,"column":76}},"158":{"start":{"line":159,"column":0},"end":{"line":159,"column":3}},"159":{"start":{"line":160,"column":0},"end":{"line":160,"column":0}},"160":{"start":{"line":161,"column":0},"end":{"line":161,"column":5}},"161":{"start":{"line":162,"column":0},"end":{"line":162,"column":26}},"162":{"start":{"line":163,"column":0},"end":{"line":163,"column":50}},"163":{"start":{"line":164,"column":0},"end":{"line":164,"column":46}},"164":{"start":{"line":165,"column":0},"end":{"line":165,"column":47}},"165":{"start":{"line":166,"column":0},"end":{"line":166,"column":36}},"166":{"start":{"line":167,"column":0},"end":{"line":167,"column":5}},"167":{"start":{"line":168,"column":0},"end":{"line":168,"column":48}},"168":{"start":{"line":169,"column":0},"end":{"line":169,"column":85}},"169":{"start":{"line":170,"column":0},"end":{"line":170,"column":81}},"170":{"start":{"line":171,"column":0},"end":{"line":171,"column":0}},"171":{"start":{"line":172,"column":0},"end":{"line":172,"column":24}},"172":{"start":{"line":173,"column":0},"end":{"line":173,"column":14}},"173":{"start":{"line":174,"column":0},"end":{"line":174,"column":25}},"174":{"start":{"line":175,"column":0},"end":{"line":175,"column":24}},"175":{"start":{"line":176,"column":0},"end":{"line":176,"column":15}},"176":{"start":{"line":177,"column":0},"end":{"line":177,"column":19}},"177":{"start":{"line":178,"column":0},"end":{"line":178,"column":18}},"178":{"start":{"line":179,"column":0},"end":{"line":179,"column":23}},"179":{"start":{"line":180,"column":0},"end":{"line":180,"column":8}},"180":{"start":{"line":181,"column":0},"end":{"line":181,"column":5}},"181":{"start":{"line":182,"column":0},"end":{"line":182,"column":0}},"182":{"start":{"line":183,"column":0},"end":{"line":183,"column":22}},"183":{"start":{"line":184,"column":0},"end":{"line":184,"column":14}},"184":{"start":{"line":185,"column":0},"end":{"line":185,"column":25}},"185":{"start":{"line":186,"column":0},"end":{"line":186,"column":24}},"186":{"start":{"line":187,"column":0},"end":{"line":187,"column":15}},"187":{"start":{"line":188,"column":0},"end":{"line":188,"column":19}},"188":{"start":{"line":189,"column":0},"end":{"line":189,"column":18}},"189":{"start":{"line":190,"column":0},"end":{"line":190,"column":51}},"190":{"start":{"line":191,"column":0},"end":{"line":191,"column":8}},"191":{"start":{"line":192,"column":0},"end":{"line":192,"column":5}},"192":{"start":{"line":193,"column":0},"end":{"line":193,"column":0}},"193":{"start":{"line":194,"column":0},"end":{"line":194,"column":23}},"194":{"start":{"line":195,"column":0},"end":{"line":195,"column":43}},"195":{"start":{"line":196,"column":0},"end":{"line":196,"column":92}},"196":{"start":{"line":197,"column":0},"end":{"line":197,"column":0}},"197":{"start":{"line":198,"column":0},"end":{"line":198,"column":18}},"198":{"start":{"line":199,"column":0},"end":{"line":199,"column":59}},"199":{"start":{"line":200,"column":0},"end":{"line":200,"column":60}},"200":{"start":{"line":201,"column":0},"end":{"line":201,"column":46}},"201":{"start":{"line":202,"column":0},"end":{"line":202,"column":37}},"202":{"start":{"line":203,"column":0},"end":{"line":203,"column":36}},"203":{"start":{"line":204,"column":0},"end":{"line":204,"column":0}},"204":{"start":{"line":205,"column":0},"end":{"line":205,"column":20}},"205":{"start":{"line":206,"column":0},"end":{"line":206,"column":23}},"206":{"start":{"line":207,"column":0},"end":{"line":207,"column":22}},"207":{"start":{"line":208,"column":0},"end":{"line":208,"column":13}},"208":{"start":{"line":209,"column":0},"end":{"line":209,"column":17}},"209":{"start":{"line":210,"column":0},"end":{"line":210,"column":16}},"210":{"start":{"line":211,"column":0},"end":{"line":211,"column":22}},"211":{"start":{"line":212,"column":0},"end":{"line":212,"column":20}},"212":{"start":{"line":213,"column":0},"end":{"line":213,"column":14}},"213":{"start":{"line":214,"column":0},"end":{"line":214,"column":6}},"214":{"start":{"line":215,"column":0},"end":{"line":215,"column":0}},"215":{"start":{"line":216,"column":0},"end":{"line":216,"column":17}},"216":{"start":{"line":217,"column":0},"end":{"line":217,"column":27}},"217":{"start":{"line":218,"column":0},"end":{"line":218,"column":73}},"218":{"start":{"line":219,"column":0},"end":{"line":219,"column":30}},"219":{"start":{"line":220,"column":0},"end":{"line":220,"column":27}},"220":{"start":{"line":221,"column":0},"end":{"line":221,"column":45}},"221":{"start":{"line":222,"column":0},"end":{"line":222,"column":70}},"222":{"start":{"line":223,"column":0},"end":{"line":223,"column":20}},"223":{"start":{"line":224,"column":0},"end":{"line":224,"column":5}},"224":{"start":{"line":225,"column":0},"end":{"line":225,"column":0}},"225":{"start":{"line":226,"column":0},"end":{"line":226,"column":19}},"226":{"start":{"line":227,"column":0},"end":{"line":227,"column":29}},"227":{"start":{"line":228,"column":0},"end":{"line":228,"column":24}},"228":{"start":{"line":229,"column":0},"end":{"line":229,"column":33}},"229":{"start":{"line":230,"column":0},"end":{"line":230,"column":88}},"230":{"start":{"line":231,"column":0},"end":{"line":231,"column":45}},"231":{"start":{"line":232,"column":0},"end":{"line":232,"column":35}},"232":{"start":{"line":233,"column":0},"end":{"line":233,"column":127}},"233":{"start":{"line":234,"column":0},"end":{"line":234,"column":52}},"234":{"start":{"line":235,"column":0},"end":{"line":235,"column":20}},"235":{"start":{"line":236,"column":0},"end":{"line":236,"column":5}},"236":{"start":{"line":237,"column":0},"end":{"line":237,"column":0}},"237":{"start":{"line":238,"column":0},"end":{"line":238,"column":18}},"238":{"start":{"line":239,"column":0},"end":{"line":239,"column":24}},"239":{"start":{"line":240,"column":0},"end":{"line":240,"column":33}},"240":{"start":{"line":241,"column":0},"end":{"line":241,"column":89}},"241":{"start":{"line":242,"column":0},"end":{"line":242,"column":45}},"242":{"start":{"line":243,"column":0},"end":{"line":243,"column":35}},"243":{"start":{"line":244,"column":0},"end":{"line":244,"column":135}},"244":{"start":{"line":245,"column":0},"end":{"line":245,"column":52}},"245":{"start":{"line":246,"column":0},"end":{"line":246,"column":12}},"246":{"start":{"line":247,"column":0},"end":{"line":247,"column":101}},"247":{"start":{"line":248,"column":0},"end":{"line":248,"column":5}},"248":{"start":{"line":249,"column":0},"end":{"line":249,"column":0}},"249":{"start":{"line":250,"column":0},"end":{"line":250,"column":18}},"250":{"start":{"line":251,"column":0},"end":{"line":251,"column":3}},"251":{"start":{"line":252,"column":0},"end":{"line":252,"column":0}},"252":{"start":{"line":253,"column":0},"end":{"line":253,"column":5}},"253":{"start":{"line":254,"column":0},"end":{"line":254,"column":38}},"254":{"start":{"line":255,"column":0},"end":{"line":255,"column":45}},"255":{"start":{"line":256,"column":0},"end":{"line":256,"column":41}},"256":{"start":{"line":257,"column":0},"end":{"line":257,"column":45}},"257":{"start":{"line":258,"column":0},"end":{"line":258,"column":59}},"258":{"start":{"line":259,"column":0},"end":{"line":259,"column":5}},"259":{"start":{"line":260,"column":0},"end":{"line":260,"column":51}},"260":{"start":{"line":261,"column":0},"end":{"line":261,"column":39}},"261":{"start":{"line":262,"column":0},"end":{"line":262,"column":55}},"262":{"start":{"line":263,"column":0},"end":{"line":263,"column":0}},"263":{"start":{"line":264,"column":0},"end":{"line":264,"column":51}},"264":{"start":{"line":265,"column":0},"end":{"line":265,"column":54}},"265":{"start":{"line":266,"column":0},"end":{"line":266,"column":0}},"266":{"start":{"line":267,"column":0},"end":{"line":267,"column":25}},"267":{"start":{"line":268,"column":0},"end":{"line":268,"column":69}},"268":{"start":{"line":269,"column":0},"end":{"line":269,"column":0}},"269":{"start":{"line":270,"column":0},"end":{"line":270,"column":31}},"270":{"start":{"line":271,"column":0},"end":{"line":271,"column":27}},"271":{"start":{"line":272,"column":0},"end":{"line":272,"column":62}},"272":{"start":{"line":273,"column":0},"end":{"line":273,"column":5}},"273":{"start":{"line":274,"column":0},"end":{"line":274,"column":0}},"274":{"start":{"line":275,"column":0},"end":{"line":275,"column":13}},"275":{"start":{"line":276,"column":0},"end":{"line":276,"column":48}},"276":{"start":{"line":277,"column":0},"end":{"line":277,"column":0}},"277":{"start":{"line":278,"column":0},"end":{"line":278,"column":12}},"278":{"start":{"line":279,"column":0},"end":{"line":279,"column":58}},"279":{"start":{"line":280,"column":0},"end":{"line":280,"column":68}},"280":{"start":{"line":281,"column":0},"end":{"line":281,"column":18}},"281":{"start":{"line":282,"column":0},"end":{"line":282,"column":29}},"282":{"start":{"line":283,"column":0},"end":{"line":283,"column":21}},"283":{"start":{"line":284,"column":0},"end":{"line":284,"column":31}},"284":{"start":{"line":285,"column":0},"end":{"line":285,"column":8}},"285":{"start":{"line":286,"column":0},"end":{"line":286,"column":6}},"286":{"start":{"line":287,"column":0},"end":{"line":287,"column":3}},"287":{"start":{"line":288,"column":0},"end":{"line":288,"column":0}},"288":{"start":{"line":289,"column":0},"end":{"line":289,"column":5}},"289":{"start":{"line":290,"column":0},"end":{"line":290,"column":27}},"290":{"start":{"line":291,"column":0},"end":{"line":291,"column":46}},"291":{"start":{"line":292,"column":0},"end":{"line":292,"column":43}},"292":{"start":{"line":293,"column":0},"end":{"line":293,"column":63}},"293":{"start":{"line":294,"column":0},"end":{"line":294,"column":5}},"294":{"start":{"line":295,"column":0},"end":{"line":295,"column":31}},"295":{"start":{"line":296,"column":0},"end":{"line":296,"column":43}},"296":{"start":{"line":297,"column":0},"end":{"line":297,"column":81}},"297":{"start":{"line":298,"column":0},"end":{"line":298,"column":22}},"298":{"start":{"line":299,"column":0},"end":{"line":299,"column":92}},"299":{"start":{"line":300,"column":0},"end":{"line":300,"column":19}},"300":{"start":{"line":301,"column":0},"end":{"line":301,"column":5}},"301":{"start":{"line":302,"column":0},"end":{"line":302,"column":0}},"302":{"start":{"line":303,"column":0},"end":{"line":303,"column":27}},"303":{"start":{"line":304,"column":0},"end":{"line":304,"column":32}},"304":{"start":{"line":305,"column":0},"end":{"line":305,"column":51}},"305":{"start":{"line":306,"column":0},"end":{"line":306,"column":48}},"306":{"start":{"line":307,"column":0},"end":{"line":307,"column":33}},"307":{"start":{"line":308,"column":0},"end":{"line":308,"column":40}},"308":{"start":{"line":309,"column":0},"end":{"line":309,"column":7}},"309":{"start":{"line":310,"column":0},"end":{"line":310,"column":46}},"310":{"start":{"line":311,"column":0},"end":{"line":311,"column":0}},"311":{"start":{"line":312,"column":0},"end":{"line":312,"column":36}},"312":{"start":{"line":313,"column":0},"end":{"line":313,"column":23}},"313":{"start":{"line":314,"column":0},"end":{"line":314,"column":34}},"314":{"start":{"line":315,"column":0},"end":{"line":315,"column":84}},"315":{"start":{"line":316,"column":0},"end":{"line":316,"column":7}},"316":{"start":{"line":317,"column":0},"end":{"line":317,"column":18}},"317":{"start":{"line":318,"column":0},"end":{"line":318,"column":5}},"318":{"start":{"line":319,"column":0},"end":{"line":319,"column":0}},"319":{"start":{"line":320,"column":0},"end":{"line":320,"column":24}},"320":{"start":{"line":321,"column":0},"end":{"line":321,"column":51}},"321":{"start":{"line":322,"column":0},"end":{"line":322,"column":14}},"322":{"start":{"line":323,"column":0},"end":{"line":323,"column":67}},"323":{"start":{"line":324,"column":0},"end":{"line":324,"column":0}},"324":{"start":{"line":325,"column":0},"end":{"line":325,"column":26}},"325":{"start":{"line":326,"column":0},"end":{"line":326,"column":32}},"326":{"start":{"line":327,"column":0},"end":{"line":327,"column":41}},"327":{"start":{"line":328,"column":0},"end":{"line":328,"column":66}},"328":{"start":{"line":329,"column":0},"end":{"line":329,"column":7}},"329":{"start":{"line":330,"column":0},"end":{"line":330,"column":5}},"330":{"start":{"line":331,"column":0},"end":{"line":331,"column":0}},"331":{"start":{"line":332,"column":0},"end":{"line":332,"column":40}},"332":{"start":{"line":333,"column":0},"end":{"line":333,"column":26}},"333":{"start":{"line":334,"column":0},"end":{"line":334,"column":16}},"334":{"start":{"line":335,"column":0},"end":{"line":335,"column":3}},"335":{"start":{"line":336,"column":0},"end":{"line":336,"column":0}},"336":{"start":{"line":337,"column":0},"end":{"line":337,"column":5}},"337":{"start":{"line":338,"column":0},"end":{"line":338,"column":31}},"338":{"start":{"line":339,"column":0},"end":{"line":339,"column":60}},"339":{"start":{"line":340,"column":0},"end":{"line":340,"column":5}},"340":{"start":{"line":341,"column":0},"end":{"line":341,"column":20}},"341":{"start":{"line":342,"column":0},"end":{"line":342,"column":50}},"342":{"start":{"line":343,"column":0},"end":{"line":343,"column":0}},"343":{"start":{"line":344,"column":0},"end":{"line":344,"column":54}},"344":{"start":{"line":345,"column":0},"end":{"line":345,"column":91}},"345":{"start":{"line":346,"column":0},"end":{"line":346,"column":6}},"346":{"start":{"line":347,"column":0},"end":{"line":347,"column":0}},"347":{"start":{"line":348,"column":0},"end":{"line":348,"column":60}},"348":{"start":{"line":349,"column":0},"end":{"line":349,"column":0}},"349":{"start":{"line":350,"column":0},"end":{"line":350,"column":36}},"350":{"start":{"line":351,"column":0},"end":{"line":351,"column":32}},"351":{"start":{"line":352,"column":0},"end":{"line":352,"column":46}},"352":{"start":{"line":353,"column":0},"end":{"line":353,"column":30}},"353":{"start":{"line":354,"column":0},"end":{"line":354,"column":32}},"354":{"start":{"line":355,"column":0},"end":{"line":355,"column":43}},"355":{"start":{"line":356,"column":0},"end":{"line":356,"column":5}},"356":{"start":{"line":357,"column":0},"end":{"line":357,"column":3}},"357":{"start":{"line":358,"column":0},"end":{"line":358,"column":0}},"358":{"start":{"line":359,"column":0},"end":{"line":359,"column":5}},"359":{"start":{"line":360,"column":0},"end":{"line":360,"column":24}},"360":{"start":{"line":361,"column":0},"end":{"line":361,"column":44}},"361":{"start":{"line":362,"column":0},"end":{"line":362,"column":34}},"362":{"start":{"line":363,"column":0},"end":{"line":363,"column":5}},"363":{"start":{"line":364,"column":0},"end":{"line":364,"column":22}},"364":{"start":{"line":365,"column":0},"end":{"line":365,"column":79}},"365":{"start":{"line":366,"column":0},"end":{"line":366,"column":43}},"366":{"start":{"line":367,"column":0},"end":{"line":367,"column":57}},"367":{"start":{"line":368,"column":0},"end":{"line":368,"column":54}},"368":{"start":{"line":369,"column":0},"end":{"line":369,"column":36}},"369":{"start":{"line":370,"column":0},"end":{"line":370,"column":0}},"370":{"start":{"line":371,"column":0},"end":{"line":371,"column":18}},"371":{"start":{"line":372,"column":0},"end":{"line":372,"column":32}},"372":{"start":{"line":373,"column":0},"end":{"line":373,"column":14}},"373":{"start":{"line":374,"column":0},"end":{"line":374,"column":23}},"374":{"start":{"line":375,"column":0},"end":{"line":375,"column":14}},"375":{"start":{"line":376,"column":0},"end":{"line":376,"column":22}},"376":{"start":{"line":377,"column":0},"end":{"line":377,"column":47}},"377":{"start":{"line":378,"column":0},"end":{"line":378,"column":8}},"378":{"start":{"line":379,"column":0},"end":{"line":379,"column":5}},"379":{"start":{"line":380,"column":0},"end":{"line":380,"column":12}},"380":{"start":{"line":381,"column":0},"end":{"line":381,"column":21}},"381":{"start":{"line":382,"column":0},"end":{"line":382,"column":12}},"382":{"start":{"line":383,"column":0},"end":{"line":383,"column":21}},"383":{"start":{"line":384,"column":0},"end":{"line":384,"column":60}},"384":{"start":{"line":385,"column":0},"end":{"line":385,"column":6}},"385":{"start":{"line":386,"column":0},"end":{"line":386,"column":3}},"386":{"start":{"line":387,"column":0},"end":{"line":387,"column":0}},"387":{"start":{"line":388,"column":0},"end":{"line":388,"column":5}},"388":{"start":{"line":389,"column":0},"end":{"line":389,"column":32}},"389":{"start":{"line":390,"column":0},"end":{"line":390,"column":44}},"390":{"start":{"line":391,"column":0},"end":{"line":391,"column":46}},"391":{"start":{"line":392,"column":0},"end":{"line":392,"column":46}},"392":{"start":{"line":393,"column":0},"end":{"line":393,"column":35}},"393":{"start":{"line":394,"column":0},"end":{"line":394,"column":5}},"394":{"start":{"line":395,"column":0},"end":{"line":395,"column":47}},"395":{"start":{"line":396,"column":0},"end":{"line":396,"column":79}},"396":{"start":{"line":397,"column":0},"end":{"line":397,"column":39}},"397":{"start":{"line":398,"column":0},"end":{"line":398,"column":54}},"398":{"start":{"line":399,"column":0},"end":{"line":399,"column":53}},"399":{"start":{"line":400,"column":0},"end":{"line":400,"column":39}},"400":{"start":{"line":401,"column":0},"end":{"line":401,"column":0}},"401":{"start":{"line":402,"column":0},"end":{"line":402,"column":18}},"402":{"start":{"line":403,"column":0},"end":{"line":403,"column":14}},"403":{"start":{"line":404,"column":0},"end":{"line":404,"column":24}},"404":{"start":{"line":405,"column":0},"end":{"line":405,"column":14}},"405":{"start":{"line":406,"column":0},"end":{"line":406,"column":14}},"406":{"start":{"line":407,"column":0},"end":{"line":407,"column":22}},"407":{"start":{"line":408,"column":0},"end":{"line":408,"column":70}},"408":{"start":{"line":409,"column":0},"end":{"line":409,"column":8}},"409":{"start":{"line":410,"column":0},"end":{"line":410,"column":5}},"410":{"start":{"line":411,"column":0},"end":{"line":411,"column":12}},"411":{"start":{"line":412,"column":0},"end":{"line":412,"column":22}},"412":{"start":{"line":413,"column":0},"end":{"line":413,"column":12}},"413":{"start":{"line":414,"column":0},"end":{"line":414,"column":12}},"414":{"start":{"line":415,"column":0},"end":{"line":415,"column":21}},"415":{"start":{"line":416,"column":0},"end":{"line":416,"column":68}},"416":{"start":{"line":417,"column":0},"end":{"line":417,"column":6}},"417":{"start":{"line":418,"column":0},"end":{"line":418,"column":3}},"418":{"start":{"line":419,"column":0},"end":{"line":419,"column":0}},"419":{"start":{"line":420,"column":0},"end":{"line":420,"column":5}},"420":{"start":{"line":421,"column":0},"end":{"line":421,"column":46}},"421":{"start":{"line":422,"column":0},"end":{"line":422,"column":59}},"422":{"start":{"line":423,"column":0},"end":{"line":423,"column":5}},"423":{"start":{"line":424,"column":0},"end":{"line":424,"column":32}},"424":{"start":{"line":425,"column":0},"end":{"line":425,"column":23}},"425":{"start":{"line":426,"column":0},"end":{"line":426,"column":0}},"426":{"start":{"line":427,"column":0},"end":{"line":427,"column":11}},"427":{"start":{"line":428,"column":0},"end":{"line":428,"column":26}},"428":{"start":{"line":429,"column":0},"end":{"line":429,"column":76}},"429":{"start":{"line":430,"column":0},"end":{"line":430,"column":7}},"430":{"start":{"line":431,"column":0},"end":{"line":431,"column":73}},"431":{"start":{"line":432,"column":0},"end":{"line":432,"column":57}},"432":{"start":{"line":433,"column":0},"end":{"line":433,"column":60}},"433":{"start":{"line":434,"column":0},"end":{"line":434,"column":27}},"434":{"start":{"line":435,"column":0},"end":{"line":435,"column":38}},"435":{"start":{"line":436,"column":0},"end":{"line":436,"column":25}},"436":{"start":{"line":437,"column":0},"end":{"line":437,"column":5}},"437":{"start":{"line":438,"column":0},"end":{"line":438,"column":0}},"438":{"start":{"line":439,"column":0},"end":{"line":439,"column":44}},"439":{"start":{"line":440,"column":0},"end":{"line":440,"column":19}},"440":{"start":{"line":441,"column":0},"end":{"line":441,"column":3}},"441":{"start":{"line":442,"column":0},"end":{"line":442,"column":0}},"442":{"start":{"line":443,"column":0},"end":{"line":443,"column":5}},"443":{"start":{"line":444,"column":0},"end":{"line":444,"column":57}},"444":{"start":{"line":445,"column":0},"end":{"line":445,"column":13}},"445":{"start":{"line":446,"column":0},"end":{"line":446,"column":46}},"446":{"start":{"line":447,"column":0},"end":{"line":447,"column":64}},"447":{"start":{"line":448,"column":0},"end":{"line":448,"column":55}},"448":{"start":{"line":449,"column":0},"end":{"line":449,"column":119}},"449":{"start":{"line":450,"column":0},"end":{"line":450,"column":65}},"450":{"start":{"line":451,"column":0},"end":{"line":451,"column":5}},"451":{"start":{"line":452,"column":0},"end":{"line":452,"column":58}},"452":{"start":{"line":453,"column":0},"end":{"line":453,"column":70}},"453":{"start":{"line":454,"column":0},"end":{"line":454,"column":71}},"454":{"start":{"line":455,"column":0},"end":{"line":455,"column":79}},"455":{"start":{"line":456,"column":0},"end":{"line":456,"column":40}},"456":{"start":{"line":457,"column":0},"end":{"line":457,"column":38}},"457":{"start":{"line":458,"column":0},"end":{"line":458,"column":0}},"458":{"start":{"line":459,"column":0},"end":{"line":459,"column":58}},"459":{"start":{"line":460,"column":0},"end":{"line":460,"column":52}},"460":{"start":{"line":461,"column":0},"end":{"line":461,"column":0}},"461":{"start":{"line":462,"column":0},"end":{"line":462,"column":148}},"462":{"start":{"line":463,"column":0},"end":{"line":463,"column":53}},"463":{"start":{"line":464,"column":0},"end":{"line":464,"column":164}},"464":{"start":{"line":465,"column":0},"end":{"line":465,"column":6}},"465":{"start":{"line":466,"column":0},"end":{"line":466,"column":93}},"466":{"start":{"line":467,"column":0},"end":{"line":467,"column":71}},"467":{"start":{"line":468,"column":0},"end":{"line":468,"column":35}},"468":{"start":{"line":469,"column":0},"end":{"line":469,"column":71}},"469":{"start":{"line":470,"column":0},"end":{"line":470,"column":40}},"470":{"start":{"line":471,"column":0},"end":{"line":471,"column":35}},"471":{"start":{"line":472,"column":0},"end":{"line":472,"column":70}},"472":{"start":{"line":473,"column":0},"end":{"line":473,"column":0}},"473":{"start":{"line":474,"column":0},"end":{"line":474,"column":41}},"474":{"start":{"line":475,"column":0},"end":{"line":475,"column":37}},"475":{"start":{"line":476,"column":0},"end":{"line":476,"column":57}},"476":{"start":{"line":477,"column":0},"end":{"line":477,"column":77}},"477":{"start":{"line":478,"column":0},"end":{"line":478,"column":47}},"478":{"start":{"line":479,"column":0},"end":{"line":479,"column":82}},"479":{"start":{"line":480,"column":0},"end":{"line":480,"column":0}},"480":{"start":{"line":481,"column":0},"end":{"line":481,"column":68}},"481":{"start":{"line":482,"column":0},"end":{"line":482,"column":89}},"482":{"start":{"line":483,"column":0},"end":{"line":483,"column":34}},"483":{"start":{"line":484,"column":0},"end":{"line":484,"column":41}},"484":{"start":{"line":485,"column":0},"end":{"line":485,"column":96}},"485":{"start":{"line":486,"column":0},"end":{"line":486,"column":0}},"486":{"start":{"line":487,"column":0},"end":{"line":487,"column":9}},"487":{"start":{"line":488,"column":0},"end":{"line":488,"column":44}},"488":{"start":{"line":489,"column":0},"end":{"line":489,"column":9}},"489":{"start":{"line":490,"column":0},"end":{"line":490,"column":52}},"490":{"start":{"line":491,"column":0},"end":{"line":491,"column":48}},"491":{"start":{"line":492,"column":0},"end":{"line":492,"column":10}},"492":{"start":{"line":493,"column":0},"end":{"line":493,"column":45}},"493":{"start":{"line":494,"column":0},"end":{"line":494,"column":8}},"494":{"start":{"line":495,"column":0},"end":{"line":495,"column":0}},"495":{"start":{"line":496,"column":0},"end":{"line":496,"column":24}},"496":{"start":{"line":497,"column":0},"end":{"line":497,"column":11}},"497":{"start":{"line":498,"column":0},"end":{"line":498,"column":44}},"498":{"start":{"line":499,"column":0},"end":{"line":499,"column":71}},"499":{"start":{"line":500,"column":0},"end":{"line":500,"column":63}},"500":{"start":{"line":501,"column":0},"end":{"line":501,"column":38}},"501":{"start":{"line":502,"column":0},"end":{"line":502,"column":28}},"502":{"start":{"line":503,"column":0},"end":{"line":503,"column":21}},"503":{"start":{"line":504,"column":0},"end":{"line":504,"column":84}},"504":{"start":{"line":505,"column":0},"end":{"line":505,"column":29}},"505":{"start":{"line":506,"column":0},"end":{"line":506,"column":10}},"506":{"start":{"line":507,"column":0},"end":{"line":507,"column":20}},"507":{"start":{"line":508,"column":0},"end":{"line":508,"column":7}},"508":{"start":{"line":509,"column":0},"end":{"line":509,"column":0}},"509":{"start":{"line":510,"column":0},"end":{"line":510,"column":38}},"510":{"start":{"line":511,"column":0},"end":{"line":511,"column":20}},"511":{"start":{"line":512,"column":0},"end":{"line":512,"column":7}},"512":{"start":{"line":513,"column":0},"end":{"line":513,"column":0}},"513":{"start":{"line":514,"column":0},"end":{"line":514,"column":62}},"514":{"start":{"line":515,"column":0},"end":{"line":515,"column":0}},"515":{"start":{"line":516,"column":0},"end":{"line":516,"column":14}},"516":{"start":{"line":517,"column":0},"end":{"line":517,"column":30}},"517":{"start":{"line":518,"column":0},"end":{"line":518,"column":57}},"518":{"start":{"line":519,"column":0},"end":{"line":519,"column":50}},"519":{"start":{"line":520,"column":0},"end":{"line":520,"column":44}},"520":{"start":{"line":521,"column":0},"end":{"line":521,"column":54}},"521":{"start":{"line":522,"column":0},"end":{"line":522,"column":8}},"522":{"start":{"line":523,"column":0},"end":{"line":523,"column":21}},"523":{"start":{"line":524,"column":0},"end":{"line":524,"column":80}},"524":{"start":{"line":525,"column":0},"end":{"line":525,"column":18}},"525":{"start":{"line":526,"column":0},"end":{"line":526,"column":5}},"526":{"start":{"line":527,"column":0},"end":{"line":527,"column":3}},"527":{"start":{"line":528,"column":0},"end":{"line":528,"column":0}},"528":{"start":{"line":529,"column":0},"end":{"line":529,"column":5}},"529":{"start":{"line":530,"column":0},"end":{"line":530,"column":73}},"530":{"start":{"line":531,"column":0},"end":{"line":531,"column":46}},"531":{"start":{"line":532,"column":0},"end":{"line":532,"column":53}},"532":{"start":{"line":533,"column":0},"end":{"line":533,"column":5}},"533":{"start":{"line":534,"column":0},"end":{"line":534,"column":34}},"534":{"start":{"line":535,"column":0},"end":{"line":535,"column":79}},"535":{"start":{"line":536,"column":0},"end":{"line":536,"column":40}},"536":{"start":{"line":537,"column":0},"end":{"line":537,"column":38}},"537":{"start":{"line":538,"column":0},"end":{"line":538,"column":0}},"538":{"start":{"line":539,"column":0},"end":{"line":539,"column":56}},"539":{"start":{"line":540,"column":0},"end":{"line":540,"column":57}},"540":{"start":{"line":541,"column":0},"end":{"line":541,"column":11}},"541":{"start":{"line":542,"column":0},"end":{"line":542,"column":90}},"542":{"start":{"line":543,"column":0},"end":{"line":543,"column":54}},"543":{"start":{"line":544,"column":0},"end":{"line":544,"column":18}},"544":{"start":{"line":545,"column":0},"end":{"line":545,"column":35}},"545":{"start":{"line":546,"column":0},"end":{"line":546,"column":51}},"546":{"start":{"line":547,"column":0},"end":{"line":547,"column":35}},"547":{"start":{"line":548,"column":0},"end":{"line":548,"column":31}},"548":{"start":{"line":549,"column":0},"end":{"line":549,"column":49}},"549":{"start":{"line":550,"column":0},"end":{"line":550,"column":47}},"550":{"start":{"line":551,"column":0},"end":{"line":551,"column":12}},"551":{"start":{"line":552,"column":0},"end":{"line":552,"column":9}},"552":{"start":{"line":553,"column":0},"end":{"line":553,"column":21}},"553":{"start":{"line":554,"column":0},"end":{"line":554,"column":95}},"554":{"start":{"line":555,"column":0},"end":{"line":555,"column":7}},"555":{"start":{"line":556,"column":0},"end":{"line":556,"column":5}},"556":{"start":{"line":557,"column":0},"end":{"line":557,"column":0}},"557":{"start":{"line":558,"column":0},"end":{"line":558,"column":29}},"558":{"start":{"line":559,"column":0},"end":{"line":559,"column":26}},"559":{"start":{"line":560,"column":0},"end":{"line":560,"column":50}},"560":{"start":{"line":561,"column":0},"end":{"line":561,"column":5}},"561":{"start":{"line":562,"column":0},"end":{"line":562,"column":0}},"562":{"start":{"line":563,"column":0},"end":{"line":563,"column":75}},"563":{"start":{"line":564,"column":0},"end":{"line":564,"column":74}},"564":{"start":{"line":565,"column":0},"end":{"line":565,"column":5}},"565":{"start":{"line":566,"column":0},"end":{"line":566,"column":0}},"566":{"start":{"line":567,"column":0},"end":{"line":567,"column":63}},"567":{"start":{"line":568,"column":0},"end":{"line":568,"column":3}},"568":{"start":{"line":569,"column":0},"end":{"line":569,"column":0}},"569":{"start":{"line":570,"column":0},"end":{"line":570,"column":5}},"570":{"start":{"line":571,"column":0},"end":{"line":571,"column":25}},"571":{"start":{"line":572,"column":0},"end":{"line":572,"column":46}},"572":{"start":{"line":573,"column":0},"end":{"line":573,"column":42}},"573":{"start":{"line":574,"column":0},"end":{"line":574,"column":36}},"574":{"start":{"line":575,"column":0},"end":{"line":575,"column":5}},"575":{"start":{"line":576,"column":0},"end":{"line":576,"column":37}},"576":{"start":{"line":577,"column":0},"end":{"line":577,"column":26}},"577":{"start":{"line":578,"column":0},"end":{"line":578,"column":20}},"578":{"start":{"line":579,"column":0},"end":{"line":579,"column":91}},"579":{"start":{"line":580,"column":0},"end":{"line":580,"column":18}},"580":{"start":{"line":581,"column":0},"end":{"line":581,"column":49}},"581":{"start":{"line":582,"column":0},"end":{"line":582,"column":19}},"582":{"start":{"line":583,"column":0},"end":{"line":583,"column":19}},"583":{"start":{"line":584,"column":0},"end":{"line":584,"column":93}},"584":{"start":{"line":585,"column":0},"end":{"line":585,"column":18}},"585":{"start":{"line":586,"column":0},"end":{"line":586,"column":87}},"586":{"start":{"line":587,"column":0},"end":{"line":587,"column":14}},"587":{"start":{"line":588,"column":0},"end":{"line":588,"column":87}},"588":{"start":{"line":589,"column":0},"end":{"line":589,"column":5}},"589":{"start":{"line":590,"column":0},"end":{"line":590,"column":3}},"590":{"start":{"line":591,"column":0},"end":{"line":591,"column":0}},"591":{"start":{"line":592,"column":0},"end":{"line":592,"column":5}},"592":{"start":{"line":593,"column":0},"end":{"line":593,"column":25}},"593":{"start":{"line":594,"column":0},"end":{"line":594,"column":5}},"594":{"start":{"line":595,"column":0},"end":{"line":595,"column":17}},"595":{"start":{"line":596,"column":0},"end":{"line":596,"column":35}},"596":{"start":{"line":597,"column":0},"end":{"line":597,"column":0}},"597":{"start":{"line":598,"column":0},"end":{"line":598,"column":36}},"598":{"start":{"line":599,"column":0},"end":{"line":599,"column":72}},"599":{"start":{"line":600,"column":0},"end":{"line":600,"column":40}},"600":{"start":{"line":601,"column":0},"end":{"line":601,"column":25}},"601":{"start":{"line":602,"column":0},"end":{"line":602,"column":60}},"602":{"start":{"line":603,"column":0},"end":{"line":603,"column":5}},"603":{"start":{"line":604,"column":0},"end":{"line":604,"column":0}},"604":{"start":{"line":605,"column":0},"end":{"line":605,"column":29}},"605":{"start":{"line":606,"column":0},"end":{"line":606,"column":11}},"606":{"start":{"line":607,"column":0},"end":{"line":607,"column":99}},"607":{"start":{"line":608,"column":0},"end":{"line":608,"column":7}},"608":{"start":{"line":609,"column":0},"end":{"line":609,"column":38}},"609":{"start":{"line":610,"column":0},"end":{"line":610,"column":74}},"610":{"start":{"line":611,"column":0},"end":{"line":611,"column":42}},"611":{"start":{"line":612,"column":0},"end":{"line":612,"column":27}},"612":{"start":{"line":613,"column":0},"end":{"line":613,"column":62}},"613":{"start":{"line":614,"column":0},"end":{"line":614,"column":7}},"614":{"start":{"line":615,"column":0},"end":{"line":615,"column":5}},"615":{"start":{"line":616,"column":0},"end":{"line":616,"column":0}},"616":{"start":{"line":617,"column":0},"end":{"line":617,"column":94}},"617":{"start":{"line":618,"column":0},"end":{"line":618,"column":3}},"618":{"start":{"line":619,"column":0},"end":{"line":619,"column":0}},"619":{"start":{"line":620,"column":0},"end":{"line":620,"column":5}},"620":{"start":{"line":621,"column":0},"end":{"line":621,"column":29}},"621":{"start":{"line":622,"column":0},"end":{"line":622,"column":35}},"622":{"start":{"line":623,"column":0},"end":{"line":623,"column":5}},"623":{"start":{"line":624,"column":0},"end":{"line":624,"column":14}},"624":{"start":{"line":625,"column":0},"end":{"line":625,"column":22}},"625":{"start":{"line":626,"column":0},"end":{"line":626,"column":3}},"626":{"start":{"line":627,"column":0},"end":{"line":627,"column":0}},"627":{"start":{"line":628,"column":0},"end":{"line":628,"column":5}},"628":{"start":{"line":629,"column":0},"end":{"line":629,"column":38}},"629":{"start":{"line":630,"column":0},"end":{"line":630,"column":49}},"630":{"start":{"line":631,"column":0},"end":{"line":631,"column":67}},"631":{"start":{"line":632,"column":0},"end":{"line":632,"column":5}},"632":{"start":{"line":633,"column":0},"end":{"line":633,"column":20}},"633":{"start":{"line":634,"column":0},"end":{"line":634,"column":46}},"634":{"start":{"line":635,"column":0},"end":{"line":635,"column":24}},"635":{"start":{"line":636,"column":0},"end":{"line":636,"column":13}},"636":{"start":{"line":637,"column":0},"end":{"line":637,"column":5}},"637":{"start":{"line":638,"column":0},"end":{"line":638,"column":31}},"638":{"start":{"line":639,"column":0},"end":{"line":639,"column":8}},"639":{"start":{"line":640,"column":0},"end":{"line":640,"column":21}},"640":{"start":{"line":641,"column":0},"end":{"line":641,"column":94}},"641":{"start":{"line":642,"column":0},"end":{"line":642,"column":7}},"642":{"start":{"line":643,"column":0},"end":{"line":643,"column":79}},"643":{"start":{"line":644,"column":0},"end":{"line":644,"column":24}},"644":{"start":{"line":645,"column":0},"end":{"line":645,"column":13}},"645":{"start":{"line":646,"column":0},"end":{"line":646,"column":5}},"646":{"start":{"line":647,"column":0},"end":{"line":647,"column":23}},"647":{"start":{"line":648,"column":0},"end":{"line":648,"column":3}},"648":{"start":{"line":649,"column":0},"end":{"line":649,"column":0}},"649":{"start":{"line":650,"column":0},"end":{"line":650,"column":5}},"650":{"start":{"line":651,"column":0},"end":{"line":651,"column":45}},"651":{"start":{"line":652,"column":0},"end":{"line":652,"column":46}},"652":{"start":{"line":653,"column":0},"end":{"line":653,"column":41}},"653":{"start":{"line":654,"column":0},"end":{"line":654,"column":34}},"654":{"start":{"line":655,"column":0},"end":{"line":655,"column":5}},"655":{"start":{"line":656,"column":0},"end":{"line":656,"column":26}},"656":{"start":{"line":657,"column":0},"end":{"line":657,"column":59}},"657":{"start":{"line":658,"column":0},"end":{"line":658,"column":73}},"658":{"start":{"line":659,"column":0},"end":{"line":659,"column":5}},"659":{"start":{"line":660,"column":0},"end":{"line":660,"column":0}},"660":{"start":{"line":661,"column":0},"end":{"line":661,"column":34}},"661":{"start":{"line":662,"column":0},"end":{"line":662,"column":50}},"662":{"start":{"line":663,"column":0},"end":{"line":663,"column":55}},"663":{"start":{"line":664,"column":0},"end":{"line":664,"column":33}},"664":{"start":{"line":665,"column":0},"end":{"line":665,"column":66}},"665":{"start":{"line":666,"column":0},"end":{"line":666,"column":7}},"666":{"start":{"line":667,"column":0},"end":{"line":667,"column":65}},"667":{"start":{"line":668,"column":0},"end":{"line":668,"column":14}},"668":{"start":{"line":669,"column":0},"end":{"line":669,"column":21}},"669":{"start":{"line":670,"column":0},"end":{"line":670,"column":25}},"670":{"start":{"line":671,"column":0},"end":{"line":671,"column":23}},"671":{"start":{"line":672,"column":0},"end":{"line":672,"column":120}},"672":{"start":{"line":673,"column":0},"end":{"line":673,"column":8}},"673":{"start":{"line":674,"column":0},"end":{"line":674,"column":5}},"674":{"start":{"line":675,"column":0},"end":{"line":675,"column":0}},"675":{"start":{"line":676,"column":0},"end":{"line":676,"column":53}},"676":{"start":{"line":677,"column":0},"end":{"line":677,"column":14}},"677":{"start":{"line":678,"column":0},"end":{"line":678,"column":40}},"678":{"start":{"line":679,"column":0},"end":{"line":679,"column":66}},"679":{"start":{"line":680,"column":0},"end":{"line":680,"column":14}},"680":{"start":{"line":681,"column":0},"end":{"line":681,"column":21}},"681":{"start":{"line":682,"column":0},"end":{"line":682,"column":25}},"682":{"start":{"line":683,"column":0},"end":{"line":683,"column":39}},"683":{"start":{"line":684,"column":0},"end":{"line":684,"column":71}},"684":{"start":{"line":685,"column":0},"end":{"line":685,"column":8}},"685":{"start":{"line":686,"column":0},"end":{"line":686,"column":5}},"686":{"start":{"line":687,"column":0},"end":{"line":687,"column":0}},"687":{"start":{"line":688,"column":0},"end":{"line":688,"column":71}},"688":{"start":{"line":689,"column":0},"end":{"line":689,"column":3}},"689":{"start":{"line":690,"column":0},"end":{"line":690,"column":0}},"690":{"start":{"line":691,"column":0},"end":{"line":691,"column":5}},"691":{"start":{"line":692,"column":0},"end":{"line":692,"column":38}},"692":{"start":{"line":693,"column":0},"end":{"line":693,"column":37}},"693":{"start":{"line":694,"column":0},"end":{"line":694,"column":5}},"694":{"start":{"line":695,"column":0},"end":{"line":695,"column":22}},"695":{"start":{"line":696,"column":0},"end":{"line":696,"column":33}},"696":{"start":{"line":697,"column":0},"end":{"line":697,"column":0}},"697":{"start":{"line":698,"column":0},"end":{"line":698,"column":54}},"698":{"start":{"line":699,"column":0},"end":{"line":699,"column":89}},"699":{"start":{"line":700,"column":0},"end":{"line":700,"column":6}},"700":{"start":{"line":701,"column":0},"end":{"line":701,"column":0}},"701":{"start":{"line":702,"column":0},"end":{"line":702,"column":12}},"702":{"start":{"line":703,"column":0},"end":{"line":703,"column":32}},"703":{"start":{"line":704,"column":0},"end":{"line":704,"column":30}},"704":{"start":{"line":705,"column":0},"end":{"line":705,"column":44}},"705":{"start":{"line":706,"column":0},"end":{"line":706,"column":84}},"706":{"start":{"line":707,"column":0},"end":{"line":707,"column":41}},"707":{"start":{"line":708,"column":0},"end":{"line":708,"column":49}},"708":{"start":{"line":709,"column":0},"end":{"line":709,"column":41}},"709":{"start":{"line":710,"column":0},"end":{"line":710,"column":24}},"710":{"start":{"line":711,"column":0},"end":{"line":711,"column":21}},"711":{"start":{"line":712,"column":0},"end":{"line":712,"column":67}},"712":{"start":{"line":713,"column":0},"end":{"line":713,"column":34}},"713":{"start":{"line":714,"column":0},"end":{"line":714,"column":10}},"714":{"start":{"line":715,"column":0},"end":{"line":715,"column":55}},"715":{"start":{"line":716,"column":0},"end":{"line":716,"column":56}},"716":{"start":{"line":717,"column":0},"end":{"line":717,"column":56}},"717":{"start":{"line":718,"column":0},"end":{"line":718,"column":6}},"718":{"start":{"line":719,"column":0},"end":{"line":719,"column":3}},"719":{"start":{"line":720,"column":0},"end":{"line":720,"column":1}}},"s":{"0":2,"1":2,"2":2,"3":2,"4":2,"5":2,"6":2,"7":2,"8":2,"9":2,"10":2,"11":2,"12":2,"13":2,"14":2,"15":2,"16":2,"17":2,"18":2,"19":2,"20":2,"21":40,"22":40,"23":40,"24":40,"25":40,"26":2,"27":2,"28":2,"29":2,"30":2,"31":2,"32":2,"33":2,"34":34,"35":0,"36":0,"37":34,"38":34,"39":34,"40":34,"41":34,"42":34,"43":34,"44":34,"45":34,"46":34,"47":34,"48":34,"49":34,"50":34,"51":34,"52":35,"53":35,"54":35,"55":35,"56":35,"57":35,"58":35,"59":35,"60":35,"61":35,"62":35,"63":35,"64":35,"65":34,"66":34,"67":34,"68":34,"69":34,"70":34,"71":34,"72":34,"73":34,"74":34,"75":34,"76":34,"77":34,"78":34,"79":34,"80":34,"81":34,"82":34,"83":34,"84":34,"85":2,"86":2,"87":2,"88":2,"89":2,"90":2,"91":2,"92":2,"93":69,"94":69,"95":69,"96":69,"97":69,"98":69,"99":69,"100":2,"101":2,"102":2,"103":2,"104":2,"105":2,"106":2,"107":2,"108":2,"109":2,"110":6,"111":1,"112":1,"113":5,"114":5,"115":6,"116":1,"117":1,"118":1,"119":1,"120":4,"121":4,"122":4,"123":4,"124":6,"125":0,"126":0,"127":4,"128":4,"129":6,"130":1,"131":1,"132":6,"133":1,"134":1,"135":6,"136":0,"137":0,"138":6,"139":1,"140":1,"141":6,"142":0,"143":0,"144":6,"145":1,"146":6,"147":4,"148":4,"149":4,"150":4,"151":4,"152":4,"153":4,"154":4,"155":4,"156":4,"157":6,"158":6,"159":2,"160":2,"161":2,"162":2,"163":2,"164":2,"165":2,"166":2,"167":2,"168":12,"169":12,"170":12,"171":12,"172":1,"173":1,"174":1,"175":1,"176":1,"177":1,"178":1,"179":1,"180":1,"181":11,"182":12,"183":1,"184":1,"185":1,"186":1,"187":1,"188":1,"189":1,"190":1,"191":1,"192":10,"193":10,"194":12,"195":12,"196":12,"197":12,"198":12,"199":12,"200":12,"201":12,"202":12,"203":12,"204":12,"205":12,"206":12,"207":12,"208":12,"209":12,"210":12,"211":12,"212":12,"213":12,"214":12,"215":12,"216":1,"217":1,"218":1,"219":1,"220":1,"221":1,"222":1,"223":1,"224":9,"225":12,"226":7,"227":7,"228":7,"229":7,"230":7,"231":7,"232":7,"233":7,"234":7,"235":7,"236":2,"237":12,"238":0,"239":0,"240":0,"241":0,"242":0,"243":0,"244":0,"245":12,"246":2,"247":2,"248":2,"249":2,"250":12,"251":2,"252":2,"253":2,"254":2,"255":2,"256":2,"257":2,"258":2,"259":2,"260":8,"261":8,"262":8,"263":8,"264":8,"265":8,"266":8,"267":8,"268":8,"269":8,"270":8,"271":7,"272":7,"273":8,"274":8,"275":8,"276":8,"277":8,"278":8,"279":8,"280":8,"281":8,"282":8,"283":8,"284":8,"285":8,"286":8,"287":2,"288":2,"289":2,"290":2,"291":2,"292":2,"293":2,"294":2,"295":9,"296":9,"297":9,"298":1,"299":1,"300":1,"301":8,"302":8,"303":9,"304":3,"305":3,"306":3,"307":3,"308":3,"309":3,"310":3,"311":3,"312":3,"313":1,"314":1,"315":1,"316":3,"317":3,"318":5,"319":5,"320":9,"321":9,"322":5,"323":5,"324":5,"325":5,"326":4,"327":4,"328":4,"329":5,"330":5,"331":5,"332":5,"333":5,"334":9,"335":2,"336":2,"337":2,"338":2,"339":2,"340":2,"341":9,"342":5,"343":5,"344":5,"345":5,"346":5,"347":9,"348":9,"349":9,"350":3,"351":3,"352":9,"353":0,"354":0,"355":0,"356":9,"357":2,"358":2,"359":2,"360":2,"361":2,"362":2,"363":2,"364":2,"365":2,"366":2,"367":2,"368":2,"369":2,"370":2,"371":1,"372":1,"373":1,"374":1,"375":1,"376":1,"377":1,"378":1,"379":1,"380":1,"381":1,"382":1,"383":1,"384":1,"385":2,"386":2,"387":2,"388":2,"389":2,"390":2,"391":2,"392":2,"393":2,"394":2,"395":3,"396":3,"397":3,"398":3,"399":3,"400":3,"401":3,"402":1,"403":1,"404":1,"405":1,"406":1,"407":1,"408":1,"409":1,"410":2,"411":2,"412":2,"413":2,"414":2,"415":2,"416":2,"417":3,"418":2,"419":2,"420":2,"421":2,"422":2,"423":2,"424":4,"425":4,"426":4,"427":4,"428":4,"429":4,"430":3,"431":3,"432":0,"433":0,"434":0,"435":0,"436":0,"437":1,"438":1,"439":1,"440":4,"441":2,"442":2,"443":2,"444":2,"445":2,"446":2,"447":2,"448":2,"449":2,"450":2,"451":2,"452":0,"453":0,"454":0,"455":0,"456":0,"457":0,"458":0,"459":0,"460":0,"461":0,"462":0,"463":0,"464":0,"465":0,"466":0,"467":0,"468":0,"469":0,"470":0,"471":0,"472":0,"473":0,"474":0,"475":0,"476":0,"477":0,"478":0,"479":0,"480":0,"481":0,"482":0,"483":0,"484":0,"485":0,"486":0,"487":0,"488":0,"489":0,"490":0,"491":0,"492":0,"493":0,"494":0,"495":0,"496":0,"497":0,"498":0,"499":0,"500":0,"501":0,"502":0,"503":0,"504":0,"505":0,"506":0,"507":0,"508":0,"509":0,"510":0,"511":0,"512":0,"513":0,"514":0,"515":0,"516":0,"517":0,"518":0,"519":0,"520":0,"521":0,"522":0,"523":0,"524":0,"525":0,"526":0,"527":2,"528":2,"529":2,"530":2,"531":2,"532":2,"533":2,"534":6,"535":6,"536":6,"537":6,"538":6,"539":6,"540":0,"541":0,"542":0,"543":0,"544":0,"545":0,"546":0,"547":0,"548":0,"549":0,"550":0,"551":0,"552":0,"553":0,"554":0,"555":0,"556":6,"557":6,"558":6,"559":1,"560":1,"561":5,"562":6,"563":1,"564":1,"565":4,"566":4,"567":6,"568":2,"569":2,"570":2,"571":2,"572":2,"573":2,"574":2,"575":2,"576":3,"577":3,"578":0,"579":3,"580":0,"581":3,"582":3,"583":1,"584":3,"585":1,"586":3,"587":1,"588":3,"589":3,"590":2,"591":2,"592":2,"593":2,"594":2,"595":6,"596":5,"597":5,"598":6,"599":0,"600":0,"601":0,"602":0,"603":5,"604":5,"605":5,"606":6,"607":6,"608":1,"609":1,"610":1,"611":1,"612":1,"613":1,"614":1,"615":5,"616":6,"617":6,"618":2,"619":2,"620":2,"621":2,"622":2,"623":2,"624":45,"625":45,"626":2,"627":2,"628":2,"629":2,"630":2,"631":2,"632":2,"633":3,"634":1,"635":1,"636":1,"637":2,"638":2,"639":2,"640":2,"641":3,"642":1,"643":1,"644":1,"645":1,"646":1,"647":3,"648":2,"649":2,"650":2,"651":2,"652":2,"653":2,"654":2,"655":2,"656":6,"657":3,"658":3,"659":3,"660":6,"661":1,"662":1,"663":1,"664":1,"665":1,"666":1,"667":1,"668":1,"669":1,"670":1,"671":1,"672":1,"673":1,"674":2,"675":6,"676":6,"677":1,"678":1,"679":1,"680":1,"681":1,"682":1,"683":1,"684":1,"685":1,"686":1,"687":1,"688":6,"689":2,"690":2,"691":2,"692":2,"693":2,"694":2,"695":2,"696":1,"697":1,"698":1,"699":1,"700":1,"701":1,"702":1,"703":1,"704":1,"705":2,"706":2,"707":2,"708":2,"709":1,"710":1,"711":1,"712":1,"713":2,"714":2,"715":2,"716":2,"717":2,"718":2,"719":2},"branchMap":{"0":{"type":"branch","line":1,"loc":{"start":{"line":1,"column":0},"end":{"line":720,"column":1}},"locations":[{"start":{"line":1,"column":0},"end":{"line":720,"column":1}}]},"1":{"type":"branch","line":21,"loc":{"start":{"line":21,"column":2},"end":{"line":26,"column":3}},"locations":[{"start":{"line":21,"column":2},"end":{"line":26,"column":3}}]},"2":{"type":"branch","line":24,"loc":{"start":{"line":24,"column":56},"end":{"line":24,"column":64}},"locations":[{"start":{"line":24,"column":56},"end":{"line":24,"column":64}}]},"3":{"type":"branch","line":34,"loc":{"start":{"line":34,"column":2},"end":{"line":85,"column":3}},"locations":[{"start":{"line":34,"column":2},"end":{"line":85,"column":3}}]},"4":{"type":"branch","line":35,"loc":{"start":{"line":35,"column":57},"end":{"line":37,"column":5}},"locations":[{"start":{"line":35,"column":57},"end":{"line":37,"column":5}}]},"5":{"type":"branch","line":52,"loc":{"start":{"line":52,"column":20},"end":{"line":66,"column":5}},"locations":[{"start":{"line":52,"column":20},"end":{"line":66,"column":5}}]},"6":{"type":"branch","line":59,"loc":{"start":{"line":59,"column":33},"end":{"line":59,"column":43}},"locations":[{"start":{"line":59,"column":33},"end":{"line":59,"column":43}}]},"7":{"type":"branch","line":63,"loc":{"start":{"line":63,"column":51},"end":{"line":63,"column":56}},"locations":[{"start":{"line":63,"column":51},"end":{"line":63,"column":56}}]},"8":{"type":"branch","line":69,"loc":{"start":{"line":69,"column":20},"end":{"line":69,"column":45}},"locations":[{"start":{"line":69,"column":20},"end":{"line":69,"column":45}}]},"9":{"type":"branch","line":93,"loc":{"start":{"line":93,"column":2},"end":{"line":100,"column":3}},"locations":[{"start":{"line":93,"column":2},"end":{"line":100,"column":3}}]},"10":{"type":"branch","line":94,"loc":{"start":{"line":94,"column":16},"end":{"line":94,"column":59}},"locations":[{"start":{"line":94,"column":16},"end":{"line":94,"column":59}}]},"11":{"type":"branch","line":96,"loc":{"start":{"line":96,"column":26},"end":{"line":96,"column":31}},"locations":[{"start":{"line":96,"column":26},"end":{"line":96,"column":31}}]},"12":{"type":"branch","line":110,"loc":{"start":{"line":110,"column":2},"end":{"line":159,"column":3}},"locations":[{"start":{"line":110,"column":2},"end":{"line":159,"column":3}}]},"13":{"type":"branch","line":111,"loc":{"start":{"line":111,"column":43},"end":{"line":113,"column":5}},"locations":[{"start":{"line":111,"column":43},"end":{"line":113,"column":5}}]},"14":{"type":"branch","line":114,"loc":{"start":{"line":114,"column":-1},"end":{"line":116,"column":42}},"locations":[{"start":{"line":114,"column":-1},"end":{"line":116,"column":42}}]},"15":{"type":"branch","line":116,"loc":{"start":{"line":116,"column":42},"end":{"line":120,"column":5}},"locations":[{"start":{"line":116,"column":42},"end":{"line":120,"column":5}}]},"16":{"type":"branch","line":121,"loc":{"start":{"line":121,"column":-1},"end":{"line":125,"column":23}},"locations":[{"start":{"line":121,"column":-1},"end":{"line":125,"column":23}}]},"17":{"type":"branch","line":125,"loc":{"start":{"line":125,"column":23},"end":{"line":127,"column":5}},"locations":[{"start":{"line":125,"column":23},"end":{"line":127,"column":5}}]},"18":{"type":"branch","line":128,"loc":{"start":{"line":128,"column":-1},"end":{"line":130,"column":6}},"locations":[{"start":{"line":128,"column":-1},"end":{"line":130,"column":6}}]},"19":{"type":"branch","line":130,"loc":{"start":{"line":130,"column":6},"end":{"line":132,"column":14}},"locations":[{"start":{"line":130,"column":6},"end":{"line":132,"column":14}}]},"20":{"type":"branch","line":133,"loc":{"start":{"line":133,"column":6},"end":{"line":135,"column":14}},"locations":[{"start":{"line":133,"column":6},"end":{"line":135,"column":14}}]},"21":{"type":"branch","line":136,"loc":{"start":{"line":136,"column":6},"end":{"line":138,"column":14}},"locations":[{"start":{"line":136,"column":6},"end":{"line":138,"column":14}}]},"22":{"type":"branch","line":139,"loc":{"start":{"line":139,"column":6},"end":{"line":141,"column":14}},"locations":[{"start":{"line":139,"column":6},"end":{"line":141,"column":14}}]},"23":{"type":"branch","line":142,"loc":{"start":{"line":142,"column":6},"end":{"line":144,"column":14}},"locations":[{"start":{"line":142,"column":6},"end":{"line":144,"column":14}}]},"24":{"type":"branch","line":145,"loc":{"start":{"line":145,"column":6},"end":{"line":146,"column":78}},"locations":[{"start":{"line":145,"column":6},"end":{"line":146,"column":78}}]},"25":{"type":"branch","line":148,"loc":{"start":{"line":148,"column":-1},"end":{"line":158,"column":68}},"locations":[{"start":{"line":148,"column":-1},"end":{"line":158,"column":68}}]},"26":{"type":"branch","line":158,"loc":{"start":{"line":158,"column":68},"end":{"line":158,"column":73}},"locations":[{"start":{"line":158,"column":68},"end":{"line":158,"column":73}}]},"27":{"type":"branch","line":168,"loc":{"start":{"line":168,"column":2},"end":{"line":251,"column":3}},"locations":[{"start":{"line":168,"column":2},"end":{"line":251,"column":3}}]},"28":{"type":"branch","line":172,"loc":{"start":{"line":172,"column":23},"end":{"line":181,"column":5}},"locations":[{"start":{"line":172,"column":23},"end":{"line":181,"column":5}}]},"29":{"type":"branch","line":182,"loc":{"start":{"line":182,"column":-1},"end":{"line":183,"column":21}},"locations":[{"start":{"line":182,"column":-1},"end":{"line":183,"column":21}}]},"30":{"type":"branch","line":183,"loc":{"start":{"line":183,"column":21},"end":{"line":192,"column":5}},"locations":[{"start":{"line":183,"column":21},"end":{"line":192,"column":5}}]},"31":{"type":"branch","line":193,"loc":{"start":{"line":193,"column":-1},"end":{"line":195,"column":35}},"locations":[{"start":{"line":193,"column":-1},"end":{"line":195,"column":35}}]},"32":{"type":"branch","line":195,"loc":{"start":{"line":195,"column":35},"end":{"line":195,"column":42}},"locations":[{"start":{"line":195,"column":35},"end":{"line":195,"column":42}}]},"33":{"type":"branch","line":196,"loc":{"start":{"line":196,"column":41},"end":{"line":196,"column":54}},"locations":[{"start":{"line":196,"column":41},"end":{"line":196,"column":54}}]},"34":{"type":"branch","line":196,"loc":{"start":{"line":196,"column":55},"end":{"line":196,"column":85}},"locations":[{"start":{"line":196,"column":55},"end":{"line":196,"column":85}}]},"35":{"type":"branch","line":196,"loc":{"start":{"line":196,"column":86},"end":{"line":196,"column":91}},"locations":[{"start":{"line":196,"column":86},"end":{"line":196,"column":91}}]},"36":{"type":"branch","line":200,"loc":{"start":{"line":200,"column":54},"end":{"line":200,"column":58}},"locations":[{"start":{"line":200,"column":54},"end":{"line":200,"column":58}}]},"37":{"type":"branch","line":216,"loc":{"start":{"line":216,"column":16},"end":{"line":224,"column":5}},"locations":[{"start":{"line":216,"column":16},"end":{"line":224,"column":5}}]},"38":{"type":"branch","line":225,"loc":{"start":{"line":225,"column":-1},"end":{"line":226,"column":18}},"locations":[{"start":{"line":225,"column":-1},"end":{"line":226,"column":18}}]},"39":{"type":"branch","line":226,"loc":{"start":{"line":226,"column":18},"end":{"line":236,"column":5}},"locations":[{"start":{"line":226,"column":18},"end":{"line":236,"column":5}}]},"40":{"type":"branch","line":237,"loc":{"start":{"line":237,"column":-1},"end":{"line":238,"column":17}},"locations":[{"start":{"line":237,"column":-1},"end":{"line":238,"column":17}}]},"41":{"type":"branch","line":238,"loc":{"start":{"line":238,"column":17},"end":{"line":246,"column":5}},"locations":[{"start":{"line":238,"column":17},"end":{"line":246,"column":5}}]},"42":{"type":"branch","line":246,"loc":{"start":{"line":246,"column":5},"end":{"line":251,"column":2}},"locations":[{"start":{"line":246,"column":5},"end":{"line":251,"column":2}}]},"43":{"type":"branch","line":169,"loc":{"start":{"line":169,"column":52},"end":{"line":169,"column":83}},"locations":[{"start":{"line":169,"column":52},"end":{"line":169,"column":83}}]},"44":{"type":"branch","line":170,"loc":{"start":{"line":170,"column":50},"end":{"line":170,"column":79}},"locations":[{"start":{"line":170,"column":50},"end":{"line":170,"column":79}}]},"45":{"type":"branch","line":260,"loc":{"start":{"line":260,"column":2},"end":{"line":287,"column":3}},"locations":[{"start":{"line":260,"column":2},"end":{"line":287,"column":3}}]},"46":{"type":"branch","line":261,"loc":{"start":{"line":261,"column":33},"end":{"line":261,"column":38}},"locations":[{"start":{"line":261,"column":33},"end":{"line":261,"column":38}}]},"47":{"type":"branch","line":262,"loc":{"start":{"line":262,"column":34},"end":{"line":262,"column":54}},"locations":[{"start":{"line":262,"column":34},"end":{"line":262,"column":54}}]},"48":{"type":"branch","line":271,"loc":{"start":{"line":271,"column":26},"end":{"line":273,"column":5}},"locations":[{"start":{"line":271,"column":26},"end":{"line":273,"column":5}}]},"49":{"type":"branch","line":295,"loc":{"start":{"line":295,"column":2},"end":{"line":335,"column":3}},"locations":[{"start":{"line":295,"column":2},"end":{"line":335,"column":3}}]},"50":{"type":"branch","line":298,"loc":{"start":{"line":298,"column":21},"end":{"line":301,"column":5}},"locations":[{"start":{"line":298,"column":21},"end":{"line":301,"column":5}}]},"51":{"type":"branch","line":302,"loc":{"start":{"line":302,"column":-1},"end":{"line":304,"column":31}},"locations":[{"start":{"line":302,"column":-1},"end":{"line":304,"column":31}}]},"52":{"type":"branch","line":304,"loc":{"start":{"line":304,"column":31},"end":{"line":318,"column":5}},"locations":[{"start":{"line":304,"column":31},"end":{"line":318,"column":5}}]},"53":{"type":"branch","line":305,"loc":{"start":{"line":305,"column":45},"end":{"line":305,"column":50}},"locations":[{"start":{"line":305,"column":45},"end":{"line":305,"column":50}}]},"54":{"type":"branch","line":313,"loc":{"start":{"line":313,"column":22},"end":{"line":316,"column":7}},"locations":[{"start":{"line":313,"column":22},"end":{"line":316,"column":7}}]},"55":{"type":"branch","line":315,"loc":{"start":{"line":315,"column":58},"end":{"line":315,"column":65}},"locations":[{"start":{"line":315,"column":58},"end":{"line":315,"column":65}}]},"56":{"type":"branch","line":319,"loc":{"start":{"line":319,"column":-1},"end":{"line":321,"column":50}},"locations":[{"start":{"line":319,"column":-1},"end":{"line":321,"column":50}}]},"57":{"type":"branch","line":322,"loc":{"start":{"line":322,"column":13},"end":{"line":335,"column":2}},"locations":[{"start":{"line":322,"column":13},"end":{"line":335,"column":2}}]},"58":{"type":"branch","line":323,"loc":{"start":{"line":323,"column":51},"end":{"line":323,"column":55}},"locations":[{"start":{"line":323,"column":51},"end":{"line":323,"column":55}}]},"59":{"type":"branch","line":326,"loc":{"start":{"line":326,"column":31},"end":{"line":329,"column":7}},"locations":[{"start":{"line":326,"column":31},"end":{"line":329,"column":7}}]},"60":{"type":"branch","line":328,"loc":{"start":{"line":328,"column":47},"end":{"line":328,"column":56}},"locations":[{"start":{"line":328,"column":47},"end":{"line":328,"column":56}}]},"61":{"type":"branch","line":297,"loc":{"start":{"line":297,"column":50},"end":{"line":297,"column":79}},"locations":[{"start":{"line":297,"column":50},"end":{"line":297,"column":79}}]},"62":{"type":"branch","line":341,"loc":{"start":{"line":341,"column":2},"end":{"line":357,"column":3}},"locations":[{"start":{"line":341,"column":2},"end":{"line":357,"column":3}}]},"63":{"type":"branch","line":342,"loc":{"start":{"line":342,"column":20},"end":{"line":342,"column":41}},"locations":[{"start":{"line":342,"column":20},"end":{"line":342,"column":41}}]},"64":{"type":"branch","line":342,"loc":{"start":{"line":342,"column":43},"end":{"line":342,"column":50}},"locations":[{"start":{"line":342,"column":43},"end":{"line":342,"column":50}}]},"65":{"type":"branch","line":343,"loc":{"start":{"line":343,"column":-1},"end":{"line":348,"column":49}},"locations":[{"start":{"line":343,"column":-1},"end":{"line":348,"column":49}}]},"66":{"type":"branch","line":348,"loc":{"start":{"line":348,"column":50},"end":{"line":348,"column":54}},"locations":[{"start":{"line":348,"column":50},"end":{"line":348,"column":54}}]},"67":{"type":"branch","line":350,"loc":{"start":{"line":350,"column":35},"end":{"line":353,"column":5}},"locations":[{"start":{"line":350,"column":35},"end":{"line":353,"column":5}}]},"68":{"type":"branch","line":353,"loc":{"start":{"line":353,"column":5},"end":{"line":356,"column":5}},"locations":[{"start":{"line":353,"column":5},"end":{"line":356,"column":5}}]},"69":{"type":"branch","line":353,"loc":{"start":{"line":353,"column":29},"end":{"line":356,"column":5}},"locations":[{"start":{"line":353,"column":29},"end":{"line":356,"column":5}}]},"70":{"type":"branch","line":345,"loc":{"start":{"line":345,"column":6},"end":{"line":345,"column":90}},"locations":[{"start":{"line":345,"column":6},"end":{"line":345,"column":90}}]},"71":{"type":"branch","line":345,"loc":{"start":{"line":345,"column":32},"end":{"line":345,"column":90}},"locations":[{"start":{"line":345,"column":32},"end":{"line":345,"column":90}}]},"72":{"type":"branch","line":364,"loc":{"start":{"line":364,"column":2},"end":{"line":386,"column":3}},"locations":[{"start":{"line":364,"column":2},"end":{"line":386,"column":3}}]},"73":{"type":"branch","line":366,"loc":{"start":{"line":366,"column":37},"end":{"line":366,"column":42}},"locations":[{"start":{"line":366,"column":37},"end":{"line":366,"column":42}}]},"74":{"type":"branch","line":371,"loc":{"start":{"line":371,"column":17},"end":{"line":386,"column":2}},"locations":[{"start":{"line":371,"column":17},"end":{"line":386,"column":2}}]},"75":{"type":"branch","line":365,"loc":{"start":{"line":365,"column":49},"end":{"line":365,"column":77}},"locations":[{"start":{"line":365,"column":49},"end":{"line":365,"column":77}}]},"76":{"type":"branch","line":395,"loc":{"start":{"line":395,"column":2},"end":{"line":418,"column":3}},"locations":[{"start":{"line":395,"column":2},"end":{"line":418,"column":3}}]},"77":{"type":"branch","line":397,"loc":{"start":{"line":397,"column":31},"end":{"line":397,"column":38}},"locations":[{"start":{"line":397,"column":31},"end":{"line":397,"column":38}}]},"78":{"type":"branch","line":402,"loc":{"start":{"line":402,"column":17},"end":{"line":410,"column":5}},"locations":[{"start":{"line":402,"column":17},"end":{"line":410,"column":5}}]},"79":{"type":"branch","line":411,"loc":{"start":{"line":411,"column":-1},"end":{"line":418,"column":2}},"locations":[{"start":{"line":411,"column":-1},"end":{"line":418,"column":2}}]},"80":{"type":"branch","line":396,"loc":{"start":{"line":396,"column":49},"end":{"line":396,"column":77}},"locations":[{"start":{"line":396,"column":49},"end":{"line":396,"column":77}}]},"81":{"type":"branch","line":424,"loc":{"start":{"line":424,"column":2},"end":{"line":441,"column":3}},"locations":[{"start":{"line":424,"column":2},"end":{"line":441,"column":3}}]},"82":{"type":"branch","line":430,"loc":{"start":{"line":430,"column":6},"end":{"line":437,"column":5}},"locations":[{"start":{"line":430,"column":6},"end":{"line":437,"column":5}}]},"83":{"type":"branch","line":433,"loc":{"start":{"line":433,"column":-1},"end":{"line":437,"column":5}},"locations":[{"start":{"line":433,"column":-1},"end":{"line":437,"column":5}}]},"84":{"type":"branch","line":438,"loc":{"start":{"line":438,"column":-1},"end":{"line":441,"column":2}},"locations":[{"start":{"line":438,"column":-1},"end":{"line":441,"column":2}}]},"85":{"type":"branch","line":534,"loc":{"start":{"line":534,"column":2},"end":{"line":568,"column":3}},"locations":[{"start":{"line":534,"column":2},"end":{"line":568,"column":3}}]},"86":{"type":"branch","line":535,"loc":{"start":{"line":535,"column":74},"end":{"line":535,"column":78}},"locations":[{"start":{"line":535,"column":74},"end":{"line":535,"column":78}}]},"87":{"type":"branch","line":536,"loc":{"start":{"line":536,"column":34},"end":{"line":536,"column":39}},"locations":[{"start":{"line":536,"column":34},"end":{"line":536,"column":39}}]},"88":{"type":"branch","line":540,"loc":{"start":{"line":540,"column":23},"end":{"line":540,"column":54}},"locations":[{"start":{"line":540,"column":23},"end":{"line":540,"column":54}}]},"89":{"type":"branch","line":540,"loc":{"start":{"line":540,"column":56},"end":{"line":556,"column":5}},"locations":[{"start":{"line":540,"column":56},"end":{"line":556,"column":5}}]},"90":{"type":"branch","line":559,"loc":{"start":{"line":559,"column":25},"end":{"line":561,"column":5}},"locations":[{"start":{"line":559,"column":25},"end":{"line":561,"column":5}}]},"91":{"type":"branch","line":562,"loc":{"start":{"line":562,"column":-1},"end":{"line":563,"column":24}},"locations":[{"start":{"line":562,"column":-1},"end":{"line":563,"column":24}}]},"92":{"type":"branch","line":563,"loc":{"start":{"line":563,"column":24},"end":{"line":563,"column":72}},"locations":[{"start":{"line":563,"column":24},"end":{"line":563,"column":72}}]},"93":{"type":"branch","line":563,"loc":{"start":{"line":563,"column":74},"end":{"line":565,"column":5}},"locations":[{"start":{"line":563,"column":74},"end":{"line":565,"column":5}}]},"94":{"type":"branch","line":566,"loc":{"start":{"line":566,"column":-1},"end":{"line":568,"column":2}},"locations":[{"start":{"line":566,"column":-1},"end":{"line":568,"column":2}}]},"95":{"type":"branch","line":576,"loc":{"start":{"line":576,"column":2},"end":{"line":590,"column":3}},"locations":[{"start":{"line":576,"column":2},"end":{"line":590,"column":3}}]},"96":{"type":"branch","line":578,"loc":{"start":{"line":578,"column":6},"end":{"line":579,"column":91}},"locations":[{"start":{"line":578,"column":6},"end":{"line":579,"column":91}}]},"97":{"type":"branch","line":580,"loc":{"start":{"line":580,"column":6},"end":{"line":581,"column":49}},"locations":[{"start":{"line":580,"column":6},"end":{"line":581,"column":49}}]},"98":{"type":"branch","line":582,"loc":{"start":{"line":582,"column":6},"end":{"line":582,"column":19}},"locations":[{"start":{"line":582,"column":6},"end":{"line":582,"column":19}}]},"99":{"type":"branch","line":583,"loc":{"start":{"line":583,"column":6},"end":{"line":584,"column":93}},"locations":[{"start":{"line":583,"column":6},"end":{"line":584,"column":93}}]},"100":{"type":"branch","line":585,"loc":{"start":{"line":585,"column":6},"end":{"line":586,"column":87}},"locations":[{"start":{"line":585,"column":6},"end":{"line":586,"column":87}}]},"101":{"type":"branch","line":587,"loc":{"start":{"line":587,"column":6},"end":{"line":588,"column":87}},"locations":[{"start":{"line":587,"column":6},"end":{"line":588,"column":87}}]},"102":{"type":"branch","line":595,"loc":{"start":{"line":595,"column":2},"end":{"line":618,"column":3}},"locations":[{"start":{"line":595,"column":2},"end":{"line":618,"column":3}}]},"103":{"type":"branch","line":596,"loc":{"start":{"line":596,"column":28},"end":{"line":596,"column":35}},"locations":[{"start":{"line":596,"column":28},"end":{"line":596,"column":35}}]},"104":{"type":"branch","line":597,"loc":{"start":{"line":597,"column":-1},"end":{"line":599,"column":71}},"locations":[{"start":{"line":597,"column":-1},"end":{"line":599,"column":71}}]},"105":{"type":"branch","line":599,"loc":{"start":{"line":599,"column":71},"end":{"line":603,"column":5}},"locations":[{"start":{"line":599,"column":71},"end":{"line":603,"column":5}}]},"106":{"type":"branch","line":604,"loc":{"start":{"line":604,"column":-1},"end":{"line":607,"column":87}},"locations":[{"start":{"line":604,"column":-1},"end":{"line":607,"column":87}}]},"107":{"type":"branch","line":608,"loc":{"start":{"line":608,"column":6},"end":{"line":615,"column":5}},"locations":[{"start":{"line":608,"column":6},"end":{"line":615,"column":5}}]},"108":{"type":"branch","line":616,"loc":{"start":{"line":616,"column":-1},"end":{"line":617,"column":93}},"locations":[{"start":{"line":616,"column":-1},"end":{"line":617,"column":93}}]},"109":{"type":"branch","line":624,"loc":{"start":{"line":624,"column":2},"end":{"line":626,"column":3}},"locations":[{"start":{"line":624,"column":2},"end":{"line":626,"column":3}}]},"110":{"type":"branch","line":633,"loc":{"start":{"line":633,"column":2},"end":{"line":648,"column":3}},"locations":[{"start":{"line":633,"column":2},"end":{"line":648,"column":3}}]},"111":{"type":"branch","line":634,"loc":{"start":{"line":634,"column":15},"end":{"line":634,"column":43}},"locations":[{"start":{"line":634,"column":15},"end":{"line":634,"column":43}}]},"112":{"type":"branch","line":634,"loc":{"start":{"line":634,"column":45},"end":{"line":637,"column":5}},"locations":[{"start":{"line":634,"column":45},"end":{"line":637,"column":5}}]},"113":{"type":"branch","line":638,"loc":{"start":{"line":638,"column":-1},"end":{"line":641,"column":94}},"locations":[{"start":{"line":638,"column":-1},"end":{"line":641,"column":94}}]},"114":{"type":"branch","line":642,"loc":{"start":{"line":642,"column":6},"end":{"line":648,"column":2}},"locations":[{"start":{"line":642,"column":6},"end":{"line":648,"column":2}}]},"115":{"type":"branch","line":656,"loc":{"start":{"line":656,"column":2},"end":{"line":689,"column":3}},"locations":[{"start":{"line":656,"column":2},"end":{"line":689,"column":3}}]},"116":{"type":"branch","line":657,"loc":{"start":{"line":657,"column":18},"end":{"line":657,"column":41}},"locations":[{"start":{"line":657,"column":18},"end":{"line":657,"column":41}}]},"117":{"type":"branch","line":657,"loc":{"start":{"line":657,"column":42},"end":{"line":657,"column":56}},"locations":[{"start":{"line":657,"column":42},"end":{"line":657,"column":56}}]},"118":{"type":"branch","line":657,"loc":{"start":{"line":657,"column":58},"end":{"line":661,"column":33}},"locations":[{"start":{"line":657,"column":58},"end":{"line":661,"column":33}}]},"119":{"type":"branch","line":661,"loc":{"start":{"line":661,"column":33},"end":{"line":674,"column":5}},"locations":[{"start":{"line":661,"column":33},"end":{"line":674,"column":5}}]},"120":{"type":"branch","line":662,"loc":{"start":{"line":662,"column":45},"end":{"line":662,"column":49}},"locations":[{"start":{"line":662,"column":45},"end":{"line":662,"column":49}}]},"121":{"type":"branch","line":663,"loc":{"start":{"line":663,"column":49},"end":{"line":663,"column":54}},"locations":[{"start":{"line":663,"column":49},"end":{"line":663,"column":54}}]},"122":{"type":"branch","line":667,"loc":{"start":{"line":667,"column":47},"end":{"line":667,"column":55}},"locations":[{"start":{"line":667,"column":47},"end":{"line":667,"column":55}}]},"123":{"type":"branch","line":672,"loc":{"start":{"line":672,"column":43},"end":{"line":672,"column":50}},"locations":[{"start":{"line":672,"column":43},"end":{"line":672,"column":50}}]},"124":{"type":"branch","line":672,"loc":{"start":{"line":672,"column":100},"end":{"line":672,"column":108}},"locations":[{"start":{"line":672,"column":100},"end":{"line":672,"column":108}}]},"125":{"type":"branch","line":675,"loc":{"start":{"line":675,"column":-1},"end":{"line":676,"column":52}},"locations":[{"start":{"line":675,"column":-1},"end":{"line":676,"column":52}}]},"126":{"type":"branch","line":677,"loc":{"start":{"line":677,"column":13},"end":{"line":689,"column":2}},"locations":[{"start":{"line":677,"column":13},"end":{"line":689,"column":2}}]},"127":{"type":"branch","line":678,"loc":{"st
[...]
t":{"line":213,"column":0},"end":{"line":213,"column":3}},"213":{"start":{"line":214,"column":0},"end":{"line":214,"column":0}},"214":{"start":{"line":215,"column":0},"end":{"line":215,"column":5}},"215":{"start":{"line":216,"column":0},"end":{"line":216,"column":32}},"216":{"start":{"line":217,"column":0},"end":{"line":217,"column":40}},"217":{"start":{"line":218,"column":0},"end":{"line":218,"column":41}},"218":{"start":{"line":219,"column":0},"end":{"line":219,"column":28}},"219":{"start":{"line":220,"column":0},"end":{"line":220,"column":83}},"220":{"start":{"line":221,"column":0},"end":{"line":221,"column":5}},"221":{"start":{"line":222,"column":0},"end":{"line":222,"column":50}},"222":{"start":{"line":223,"column":0},"end":{"line":223,"column":70}},"223":{"start":{"line":224,"column":0},"end":{"line":224,"column":0}},"224":{"start":{"line":225,"column":0},"end":{"line":225,"column":58}},"225":{"start":{"line":226,"column":0},"end":{"line":226,"column":31}},"226":{"start":{"line":227,"column":0},"end":{"line":227,"column":0}},"227":{"start":{"line":228,"column":0},"end":{"line":228,"column":19}},"228":{"start":{"line":229,"column":0},"end":{"line":229,"column":22}},"229":{"start":{"line":230,"column":0},"end":{"line":230,"column":17}},"230":{"start":{"line":231,"column":0},"end":{"line":231,"column":19}},"231":{"start":{"line":232,"column":0},"end":{"line":232,"column":18}},"232":{"start":{"line":233,"column":0},"end":{"line":233,"column":17}},"233":{"start":{"line":234,"column":0},"end":{"line":234,"column":16}},"234":{"start":{"line":235,"column":0},"end":{"line":235,"column":6}},"235":{"start":{"line":236,"column":0},"end":{"line":236,"column":0}},"236":{"start":{"line":237,"column":0},"end":{"line":237,"column":50}},"237":{"start":{"line":238,"column":0},"end":{"line":238,"column":50}},"238":{"start":{"line":239,"column":0},"end":{"line":239,"column":27}},"239":{"start":{"line":240,"column":0},"end":{"line":240,"column":104}},"240":{"start":{"line":241,"column":0},"end":{"line":241,"column":25}},"241":{"start":{"line":242,"column":0},"end":{"line":242,"column":51}},"242":{"start":{"line":243,"column":0},"end":{"line":243,"column":56}},"243":{"start":{"line":244,"column":0},"end":{"line":244,"column":36}},"244":{"start":{"line":245,"column":0},"end":{"line":245,"column":12}},"245":{"start":{"line":246,"column":0},"end":{"line":246,"column":6}},"246":{"start":{"line":247,"column":0},"end":{"line":247,"column":0}},"247":{"start":{"line":248,"column":0},"end":{"line":248,"column":39}},"248":{"start":{"line":249,"column":0},"end":{"line":249,"column":57}},"249":{"start":{"line":250,"column":0},"end":{"line":250,"column":0}},"250":{"start":{"line":251,"column":0},"end":{"line":251,"column":19}},"251":{"start":{"line":252,"column":0},"end":{"line":252,"column":22}},"252":{"start":{"line":253,"column":0},"end":{"line":253,"column":51}},"253":{"start":{"line":254,"column":0},"end":{"line":254,"column":36}},"254":{"start":{"line":255,"column":0},"end":{"line":255,"column":13}},"255":{"start":{"line":256,"column":0},"end":{"line":256,"column":3}},"256":{"start":{"line":257,"column":0},"end":{"line":257,"column":0}},"257":{"start":{"line":258,"column":0},"end":{"line":258,"column":21}},"258":{"start":{"line":259,"column":0},"end":{"line":259,"column":66}},"259":{"start":{"line":260,"column":0},"end":{"line":260,"column":53}},"260":{"start":{"line":261,"column":0},"end":{"line":261,"column":0}},"261":{"start":{"line":262,"column":0},"end":{"line":262,"column":46}},"262":{"start":{"line":263,"column":0},"end":{"line":263,"column":27}},"263":{"start":{"line":264,"column":0},"end":{"line":264,"column":25}},"264":{"start":{"line":265,"column":0},"end":{"line":265,"column":3}},"265":{"start":{"line":266,"column":0},"end":{"line":266,"column":1}},"266":{"start":{"line":267,"column":0},"end":{"line":267,"column":0}},"267":{"start":{"line":268,"column":0},"end":{"line":268,"column":28}}},"s":{"0":1,"1":1,"2":1,"3":1,"4":1,"5":1,"6":1,"7":1,"8":1,"9":1,"10":1,"11":1,"12":1,"13":1,"14":1,"15":1,"16":1,"17":1,"18":1,"19":1,"20":1,"21":1,"22":1,"23":1,"24":1,"25":1,"26":1,"27":1,"28":1,"29":1,"30":1,"31":1,"32":1,"33":1,"34":1,"35":1,"36":1,"37":1,"38":1,"39":1,"40":1,"41":1,"42":33,"43":33,"44":33,"45":33,"46":33,"47":33,"48":33,"49":33,"50":33,"51":33,"52":33,"53":33,"54":33,"55":1,"56":1,"57":1,"58":1,"59":16,"60":16,"61":16,"62":1,"63":1,"64":1,"65":1,"66":1,"67":1,"68":1,"69":1,"70":1,"71":1,"72":1,"73":1,"74":1,"75":1,"76":1,"77":26,"78":24,"79":26,"80":26,"81":23,"82":23,"83":23,"84":23,"85":26,"86":4,"87":4,"88":4,"89":26,"90":1,"91":1,"92":1,"93":1,"94":1,"95":1,"96":1,"97":3,"98":2,"99":3,"100":3,"101":2,"102":2,"103":3,"104":1,"105":1,"106":1,"107":1,"108":1,"109":1,"110":1,"111":1,"112":1,"113":1,"114":1,"115":1,"116":1,"117":7,"118":7,"119":7,"120":7,"121":7,"122":7,"123":7,"124":7,"125":7,"126":7,"127":7,"128":7,"129":0,"130":0,"131":0,"132":0,"133":7,"134":1,"135":1,"136":1,"137":1,"138":1,"139":1,"140":1,"141":1,"142":1,"143":10,"144":10,"145":1,"146":1,"147":1,"148":18,"149":18,"150":1,"151":1,"152":1,"153":3,"154":3,"155":1,"156":1,"157":1,"158":1,"159":1,"160":1,"161":1,"162":1,"163":1,"164":1,"165":1,"166":29,"167":29,"168":1,"169":1,"170":28,"171":29,"172":7,"173":7,"174":7,"175":29,"176":6,"177":6,"178":6,"179":6,"180":1,"181":1,"182":6,"183":29,"184":2,"185":2,"186":29,"187":29,"188":1,"189":1,"190":1,"191":1,"192":1,"193":1,"194":1,"195":1,"196":1,"197":1,"198":4,"199":1,"200":1,"201":3,"202":4,"203":2,"204":2,"205":4,"206":1,"207":1,"208":1,"209":1,"210":1,"211":1,"212":4,"213":1,"214":1,"215":1,"216":1,"217":1,"218":1,"219":1,"220":1,"221":1,"222":6,"223":5,"224":5,"225":6,"226":5,"227":5,"228":5,"229":5,"230":5,"231":5,"232":5,"233":5,"234":5,"235":5,"236":5,"237":5,"238":5,"239":5,"240":5,"241":5,"242":6,"243":6,"244":6,"245":6,"246":6,"247":6,"248":6,"249":6,"250":6,"251":6,"252":0,"253":0,"254":6,"255":6,"256":1,"257":1,"258":7,"259":7,"260":6,"261":6,"262":6,"263":6,"264":7,"265":1,"266":1,"267":1},"branchMap":{"0":{"type":"branch","line":1,"loc":{"start":{"line":1,"column":0},"end":{"line":268,"column":28}},"locations":[{"start":{"line":1,"column":0},"end":{"line":268,"column":28}}]},"1":{"type":"branch","line":42,"loc":{"start":{"line":42,"column":2},"end":{"line":55,"column":3}},"locations":[{"start":{"line":42,"column":2},"end":{"line":55,"column":3}}]},"2":{"type":"branch","line":44,"loc":{"start":{"line":44,"column":57},"end":{"line":44,"column":62}},"locations":[{"start":{"line":44,"column":57},"end":{"line":44,"column":62}}]},"3":{"type":"branch","line":46,"loc":{"start":{"line":46,"column":45},"end":{"line":46,"column":53}},"locations":[{"start":{"line":46,"column":45},"end":{"line":46,"column":53}}]},"4":{"type":"branch","line":54,"loc":{"start":{"line":54,"column":30},"end":{"line":54,"column":35}},"locations":[{"start":{"line":54,"column":30},"end":{"line":54,"column":35}}]},"5":{"type":"branch","line":59,"loc":{"start":{"line":59,"column":2},"end":{"line":62,"column":3}},"locations":[{"start":{"line":59,"column":2},"end":{"line":62,"column":3}}]},"6":{"type":"branch","line":64,"loc":{"start":{"line":64,"column":2},"end":{"line":68,"column":3}},"locations":[{"start":{"line":64,"column":2},"end":{"line":68,"column":3}}]},"7":{"type":"branch","line":77,"loc":{"start":{"line":77,"column":2},"end":{"line":90,"column":3}},"locations":[{"start":{"line":77,"column":2},"end":{"line":90,"column":3}}]},"8":{"type":"branch","line":78,"loc":{"start":{"line":78,"column":24},"end":{"line":78,"column":47}},"locations":[{"start":{"line":78,"column":24},"end":{"line":78,"column":47}}]},"9":{"type":"branch","line":78,"loc":{"start":{"line":78,"column":49},"end":{"line":78,"column":56}},"locations":[{"start":{"line":78,"column":49},"end":{"line":78,"column":56}}]},"10":{"type":"branch","line":79,"loc":{"start":{"line":79,"column":-1},"end":{"line":80,"column":49}},"locations":[{"start":{"line":79,"column":-1},"end":{"line":80,"column":49}}]},"11":{"type":"branch","line":80,"loc":{"start":{"line":80,"column":49},"end":{"line":80,"column":64}},"locations":[{"start":{"line":80,"column":49},"end":{"line":80,"column":64}}]},"12":{"type":"branch","line":81,"loc":{"start":{"line":81,"column":15},"end":{"line":81,"column":22}},"locations":[{"start":{"line":81,"column":15},"end":{"line":81,"column":22}}]},"13":{"type":"branch","line":82,"loc":{"start":{"line":82,"column":-1},"end":{"line":86,"column":58}},"locations":[{"start":{"line":82,"column":-1},"end":{"line":86,"column":58}}]},"14":{"type":"branch","line":86,"loc":{"start":{"line":86,"column":58},"end":{"line":86,"column":65}},"locations":[{"start":{"line":86,"column":58},"end":{"line":86,"column":65}}]},"15":{"type":"branch","line":87,"loc":{"start":{"line":87,"column":-1},"end":{"line":90,"column":2}},"locations":[{"start":{"line":87,"column":-1},"end":{"line":90,"column":2}}]},"16":{"type":"branch","line":97,"loc":{"start":{"line":97,"column":2},"end":{"line":104,"column":3}},"locations":[{"start":{"line":97,"column":2},"end":{"line":104,"column":3}}]},"17":{"type":"branch","line":98,"loc":{"start":{"line":98,"column":25},"end":{"line":98,"column":32}},"locations":[{"start":{"line":98,"column":25},"end":{"line":98,"column":32}}]},"18":{"type":"branch","line":99,"loc":{"start":{"line":99,"column":-1},"end":{"line":100,"column":64}},"locations":[{"start":{"line":99,"column":-1},"end":{"line":100,"column":64}}]},"19":{"type":"branch","line":101,"loc":{"start":{"line":101,"column":15},"end":{"line":101,"column":22}},"locations":[{"start":{"line":101,"column":15},"end":{"line":101,"column":22}}]},"20":{"type":"branch","line":102,"loc":{"start":{"line":102,"column":-1},"end":{"line":104,"column":2}},"locations":[{"start":{"line":102,"column":-1},"end":{"line":104,"column":2}}]},"21":{"type":"branch","line":109,"loc":{"start":{"line":109,"column":2},"end":{"line":113,"column":3}},"locations":[{"start":{"line":109,"column":2},"end":{"line":113,"column":3}}]},"22":{"type":"branch","line":117,"loc":{"start":{"line":117,"column":2},"end":{"line":134,"column":3}},"locations":[{"start":{"line":117,"column":2},"end":{"line":134,"column":3}}]},"23":{"type":"branch","line":119,"loc":{"start":{"line":119,"column":32},"end":{"line":119,"column":39}},"locations":[{"start":{"line":119,"column":32},"end":{"line":119,"column":39}}]},"24":{"type":"branch","line":130,"loc":{"start":{"line":130,"column":-1},"end":{"line":133,"column":5}},"locations":[{"start":{"line":130,"column":-1},"end":{"line":133,"column":5}}]},"25":{"type":"branch","line":143,"loc":{"start":{"line":143,"column":2},"end":{"line":145,"column":3}},"locations":[{"start":{"line":143,"column":2},"end":{"line":145,"column":3}}]},"26":{"type":"branch","line":148,"loc":{"start":{"line":148,"column":2},"end":{"line":150,"column":3}},"locations":[{"start":{"line":148,"column":2},"end":{"line":150,"column":3}}]},"27":{"type":"branch","line":153,"loc":{"start":{"line":153,"column":2},"end":{"line":155,"column":3}},"locations":[{"start":{"line":153,"column":2},"end":{"line":155,"column":3}}]},"28":{"type":"branch","line":166,"loc":{"start":{"line":166,"column":2},"end":{"line":188,"column":3}},"locations":[{"start":{"line":166,"column":2},"end":{"line":188,"column":3}}]},"29":{"type":"branch","line":168,"loc":{"start":{"line":168,"column":35},"end":{"line":170,"column":5}},"locations":[{"start":{"line":168,"column":35},"end":{"line":170,"column":5}}]},"30":{"type":"branch","line":171,"loc":{"start":{"line":171,"column":-1},"end":{"line":172,"column":41}},"locations":[{"start":{"line":171,"column":-1},"end":{"line":172,"column":41}}]},"31":{"type":"branch","line":172,"loc":{"start":{"line":172,"column":41},"end":{"line":172,"column":53}},"locations":[{"start":{"line":172,"column":41},"end":{"line":172,"column":53}}]},"32":{"type":"branch","line":173,"loc":{"start":{"line":173,"column":-1},"end":{"line":176,"column":13}},"locations":[{"start":{"line":173,"column":-1},"end":{"line":176,"column":13}}]},"33":{"type":"branch","line":176,"loc":{"start":{"line":176,"column":13},"end":{"line":183,"column":5}},"locations":[{"start":{"line":176,"column":13},"end":{"line":183,"column":5}}]},"34":{"type":"branch","line":180,"loc":{"start":{"line":180,"column":40},"end":{"line":182,"column":7}},"locations":[{"start":{"line":180,"column":40},"end":{"line":182,"column":7}}]},"35":{"type":"branch","line":184,"loc":{"start":{"line":184,"column":-1},"end":{"line":184,"column":13}},"locations":[{"start":{"line":184,"column":-1},"end":{"line":184,"column":13}}]},"36":{"type":"branch","line":184,"loc":{"start":{"line":184,"column":13},"end":{"line":184,"column":25}},"locations":[{"start":{"line":184,"column":13},"end":{"line":184,"column":25}}]},"37":{"type":"branch","line":185,"loc":{"start":{"line":185,"column":-1},"end":{"line":187,"column":26}},"locations":[{"start":{"line":185,"column":-1},"end":{"line":187,"column":26}}]},"38":{"type":"branch","line":187,"loc":{"start":{"line":187,"column":26},"end":{"line":187,"column":41}},"locations":[{"start":{"line":187,"column":26},"end":{"line":187,"column":41}}]},"39":{"type":"branch","line":187,"loc":{"start":{"line":187,"column":42},"end":{"line":187,"column":47}},"locations":[{"start":{"line":187,"column":42},"end":{"line":187,"column":47}}]},"40":{"type":"branch","line":198,"loc":{"start":{"line":198,"column":2},"end":{"line":213,"column":3}},"locations":[{"start":{"line":198,"column":2},"end":{"line":213,"column":3}}]},"41":{"type":"branch","line":199,"loc":{"start":{"line":199,"column":27},"end":{"line":201,"column":5}},"locations":[{"start":{"line":199,"column":27},"end":{"line":201,"column":5}}]},"42":{"type":"branch","line":202,"loc":{"start":{"line":202,"column":-1},"end":{"line":203,"column":39}},"locations":[{"start":{"line":202,"column":-1},"end":{"line":203,"column":39}}]},"43":{"type":"branch","line":203,"loc":{"start":{"line":203,"column":39},"end":{"line":203,"column":46}},"locations":[{"start":{"line":203,"column":39},"end":{"line":203,"column":46}}]},"44":{"type":"branch","line":204,"loc":{"start":{"line":204,"column":-1},"end":{"line":206,"column":22}},"locations":[{"start":{"line":204,"column":-1},"end":{"line":206,"column":22}}]},"45":{"type":"branch","line":206,"loc":{"start":{"line":206,"column":22},"end":{"line":206,"column":45}},"locations":[{"start":{"line":206,"column":22},"end":{"line":206,"column":45}}]},"46":{"type":"branch","line":206,"loc":{"start":{"line":206,"column":47},"end":{"line":213,"column":2}},"locations":[{"start":{"line":206,"column":47},"end":{"line":213,"column":2}}]},"47":{"type":"branch","line":222,"loc":{"start":{"line":222,"column":2},"end":{"line":256,"column":3}},"locations":[{"start":{"line":222,"column":2},"end":{"line":256,"column":3}}]},"48":{"type":"branch","line":223,"loc":{"start":{"line":223,"column":27},"end":{"line":223,"column":61}},"locations":[{"start":{"line":223,"column":27},"end":{"line":223,"column":61}}]},"49":{"type":"branch","line":223,"loc":{"start":{"line":223,"column":63},"end":{"line":223,"column":70}},"locations":[{"start":{"line":223,"column":63},"end":{"line":223,"column":70}}]},"50":{"type":"branch","line":224,"loc":{"start":{"line":224,"column":-1},"end":{"line":226,"column":24}},"locations":[{"start":{"line":224,"column":-1},"end":{"line":226,"column":24}}]},"51":{"type":"branch","line":226,"loc":{"start":{"line":226,"column":24},"end":{"line":226,"column":31}},"locations":[{"start":{"line":226,"column":24},"end":{"line":226,"column":31}}]},"52":{"type":"branch","line":227,"loc":{"start":{"line":227,"column":-1},"end":{"line":243,"column":29}},"locations":[{"start":{"line":227,"column":-1},"end":{"line":243,"column":29}}]},"53":{"type":"branch","line":243,"loc":{"start":{"line":243,"column":29},"end":{"line":243,"column":36}},"locations":[{"start":{"line":243,"column":29},"end":{"line":243,"column":36}}]},"54":{"type":"branch","line":258,"loc":{"start":{"line":258,"column":2},"end":{"line":265,"column":3}},"locations":[{"start":{"line":258,"column":2},"end":{"line":265,"column":3}}]},"55":{"type":"branch","line":259,"loc":{"start":{"line":259,"column":31},"end":{"line":259,"column":66}},"locations":[{"start":{"line":259,"column":31},"end":{"line":259,"column":66}}]},"56":{"type":"branch","line":260,"loc":{"start":{"line":260,"column":-1},"end":{"line":260,"column":41}},"locations":[{"start":{"line":260,"column":-1},"end":{"line":260,"column":41}}]},"57":{"type":"branch","line":260,"loc":{"start":{"line":260,"column":41},"end":{"line":260,"column":53}},"locations":[{"start":{"line":260,"column":41},"end":{"line":260,"column":53}}]},"58":{"type":"branch","line":261,"loc":{"start":{"line":261,"column":-1},"end":{"line":265,"column":2}},"locations":[{"start":{"line":261,"column":-1},"end":{"line":265,"column":2}}]}},"b":{"0":[1],"1":[33],"2":[31],"3":[30],"4":[29],"5":[16],"6":[1],"7":[26],"8":[25],"9":[2],"10":[24],"11":[23],"12":[1],"13":[23],"14":[19],"15":[4],"16":[3],"17":[1],"18":[2],"19":[0],"20":[2],"21":[1],"22":[7],"23":[0],"24":[0],"25":[10],"26":[18],"27":[3],"28":[29],"29":[1],"30":[28],"31":[21],"32":[7],"33":[6],"34":[1],"35":[7],"36":[5],"37":[2],"38":[0],"39":[0],"40":[4],"41":[1],"42":[3],"43":[1],"44":[2],"45":[1],"46":[1],"47":[6],"48":[5],"49":[1],"50":[5],"51":[0],"52":[5],"53":[1],"54":[7],"55":[1],"56":[6],"57":[0],"58":[6]},"fnMap":{"0":{"name":"STChatBridge","decl":{"start":{"line":42,"column":2},"end":{"line":55,"column":3}},"loc":{"start":{"line":42,"column":2},"end":{"line":55,"column":3}},"line":42},"1":{"name":"start","decl":{"start":{"line":59,"column":2},"end":{"line":62,"column":3}},"loc":{"start":{"line":59,"column":2},"end":{"line":62,"column":3}},"line":59},"2":{"name":"stop","decl":{"start":{"line":64,"column":2},"end":{"line":68,"column":3}},"loc":{"start":{"line":64,"column":2},"end":{"line":68,"column":3}},"line":64},"3":{"name":"onUserMessage","decl":{"start":{"line":77,"column":2},"end":{"line":90,"column":3}},"loc":{"start":{"line":77,"column":2},"end":{"line":90,"column":3}},"line":77},"4":{"name":"onCharacterMessage","decl":{"start":{"line":97,"column":2},"end":{"line":104,"column":3}},"loc":{"start":{"line":97,"column":2},"end":{"line":104,"column":3}},"line":97},"5":{"name":"onChatChanged","decl":{"start":{"line":109,"column":2},"end":{"line":113,"column":3}},"loc":{"start":{"line":109,"column":2},"end":{"line":113,"column":3}},"line":109},"6":{"name":"_sendAction","decl":{"start":{"line":117,"column":2},"end":{"line":134,"column":3}},"loc":{"start":{"line":117,"column":2},"end":{"line":134,"column":3}},"line":117},"7":{"name":"getRecentContext","decl":{"start":{"line":143,"column":2},"end":{"line":145,"column":3}},"loc":{"start":{"line":143,"column":2},"end":{"line":145,"column":3}},"line":143},"8":{"name":"get messageCache","decl":{"start":{"line":148,"column":2},"end":{"line":150,"column":3}},"loc":{"start":{"line":148,"column":2},"end":{"line":150,"column":3}},"line":148},"9":{"name":"get pendingCount","decl":{"start":{"line":153,"column":2},"end":{"line":155,"column":3}},"loc":{"start":{"line":153,"column":2},"end":{"line":155,"column":3}},"line":153},"10":{"name":"_getMessageText","decl":{"start":{"line":166,"column":2},"end":{"line":188,"column":3}},"loc":{"start":{"line":166,"column":2},"end":{"line":188,"column":3}},"line":166},"11":{"name":"_notify","decl":{"start":{"line":198,"column":2},"end":{"line":213,"column":3}},"loc":{"start":{"line":198,"column":2},"end":{"line":213,"column":3}},"line":198},"12":{"name":"injectChatMessage","decl":{"start":{"line":222,"column":2},"end":{"line":256,"column":3}},"loc":{"start":{"line":222,"column":2},"end":{"line":256,"column":3}},"line":222},"13":{"name":"_escapeHtml","decl":{"start":{"line":258,"column":2},"end":{"line":265,"column":3}},"loc":{"start":{"line":258,"column":2},"end":{"line":265,"column":3}},"line":258}},"f":{"0":33,"1":16,"2":1,"3":26,"4":3,"5":1,"6":7,"7":10,"8":18,"9":3,"10":29,"11":4,"12":6,"13":7}}
}
